Using pre-set license
Built from '2020.3/staging' branch; Version is '2020.3.8f1 (507919d4fff5) revision 5273881'; Using compiler version '192528614'; Build Type 'Release'
OS: 'Windows 10 Pro; OS build 19042.1052; Version 2009; 64bit' Language: 'pt' Physical Memory: 8145 MB
BatchMode: 1, IsHumanControllingUs: 0, StartBugReporterOnCrash: 0, Is64bit: 1, IsPro: 0

 COMMAND LINE ARGUMENTS:
C:\Program Files\Unity\Hub\Editor\2020.3.8f1\Editor\Unity.exe
-adb2
-batchMode
-noUpm
-name
AssetImportWorker0
-projectPath
C:/Users/lucas/Documents/Projetos Pessoais/Unity/Dungeongrama Proto
-logFile
Logs/AssetImportWorker0.log
-srvPort
58527
Successfully changed project path to: C:/Users/lucas/Documents/Projetos Pessoais/Unity/Dungeongrama Proto
C:/Users/lucas/Documents/Projetos Pessoais/Unity/Dungeongrama Proto
Using Asset Import Pipeline V2.
Refreshing native plugins compatible for Editor in 52.29 ms, found 1 plugins.
Preloading 0 native plugins for Editor in 0.00 ms.
Initialize engine version: 2020.3.8f1 (507919d4fff5)
[Subsystems] Discovering subsystems at path C:/Program Files/Unity/Hub/Editor/2020.3.8f1/Editor/Data/Resources/UnitySubsystems
[Subsystems] Discovering subsystems at path C:/Users/lucas/Documents/Projetos Pessoais/Unity/Dungeongrama Proto/Assets
GfxDevice: creating device client; threaded=0
Direct3D:
    Version:  Direct3D 11.0 [level 11.1]
    Renderer: NVIDIA GeForce GT 1030 (ID=0x1d01)
    Vendor:   
    VRAM:     1982 MB
    Driver:   27.21.14.5671
Initialize mono
Mono path[0] = 'C:/Program Files/Unity/Hub/Editor/2020.3.8f1/Editor/Data/Managed'
Mono path[1] = 'C:/Program Files/Unity/Hub/Editor/2020.3.8f1/Editor/Data/MonoBleedingEdge/lib/mono/unityjit'
Mono config path = 'C:/Program Files/Unity/Hub/Editor/2020.3.8f1/Editor/Data/MonoBleedingEdge/etc'
Using monoOptions --debugger-agent=transport=dt_socket,embedding=1,server=y,suspend=n,address=127.0.0.1:56224
Begin MonoManager ReloadAssembly
Registering precompiled unity dll's ...
Register platform support module: C:/Program Files/Unity/Hub/Editor/2020.3.8f1/Editor/Data/PlaybackEngines/WindowsStandaloneSupport/UnityEditor.WindowsStandalone.Extensions.dll
Registered in 0.002397 seconds.
Native extension for WindowsStandalone target not found
Refreshing native plugins compatible for Editor in 42.81 ms, found 1 plugins.
Preloading 0 native plugins for Editor in 0.00 ms.
Mono: successfully reloaded assembly
- Completed reload, in  1.294 seconds
Platform modules already initialized, skipping
Registering precompiled user dll's ...
Registered in 0.001157 seconds.
Begin MonoManager ReloadAssembly
Native extension for WindowsStandalone target not found
Refreshing native plugins compatible for Editor in 68.07 ms, found 1 plugins.
Preloading 0 native plugins for Editor in 0.00 ms.
Mono: successfully reloaded assembly
- Completed reload, in  1.089 seconds
Platform modules already initialized, skipping
========================================================================
Worker process is ready to serve import requests
Launched and connected shader compiler UnityShaderCompiler.exe after 0.05 seconds
Refreshing native plugins compatible for Editor in 0.75 ms, found 1 plugins.
Preloading 0 native plugins for Editor in 0.00 ms.
Unloading 1808 Unused Serialized files (Serialized files now loaded: 0)
System memory in use before: 85.1 MB.
System memory in use after: 85.1 MB.

Unloading 24 unused Assets to reduce memory usage. Loaded Objects now: 2251.
Total: 3.512700 ms (FindLiveObjects: 0.336100 ms CreateObjectMapping: 0.145300 ms MarkObjects: 2.819900 ms  DeleteObjects: 0.209700 ms)

========================================================================
Received Import Request.
  path: Assets/GUI/Plain Button with icon 3/6.png
  artifactKey: Guid(aec874025c14c5a4a8694e62455e7974) Importer(815301076,1909f56bfc062723c751e8b465ee728b)
Start importing Assets/GUI/Plain Button with icon 3/6.png using Guid(aec874025c14c5a4a8694e62455e7974) Importer(815301076,1909f56bfc062723c751e8b465ee728b)  -> (artifact id: '10744a9f151bfc098429a6500a318d84') in 0.153886 seconds
  Import took 0.157183 seconds .

========================================================================
Received Import Request.
  Time since last request: 0.000238 seconds.
  path: Assets/GUI/Plain Button with icon 3/Play.png
  artifactKey: Guid(34b24c0484a04304fad14fc70163982d) Importer(815301076,1909f56bfc062723c751e8b465ee728b)
Start importing Assets/GUI/Plain Button with icon 3/Play.png using Guid(34b24c0484a04304fad14fc70163982d) Importer(815301076,1909f56bfc062723c751e8b465ee728b)  -> (artifact id: '7f358aeae132fcae6cc6663294c7e158') in 0.022072 seconds
  Import took 0.028545 seconds .

========================================================================
Received Import Request.
  Time since last request: 0.000228 seconds.
  path: Assets/GUI/Plain Button with icon 3/Rectangle Button.png
  artifactKey: Guid(44b1e9a9981e8fe4ab5d761af3c65924) Importer(815301076,1909f56bfc062723c751e8b465ee728b)
Start importing Assets/GUI/Plain Button with icon 3/Rectangle Button.png using Guid(44b1e9a9981e8fe4ab5d761af3c65924) Importer(815301076,1909f56bfc062723c751e8b465ee728b)  -> (artifact id: '5de52ccb006db68698e2579d2c8f7d0c') in 0.027625 seconds
  Import took 0.034495 seconds .

========================================================================
Received Import Request.
  Time since last request: 0.000287 seconds.
  path: Assets/GUI/Plain Button with icon 3/Down.png
  artifactKey: Guid(79828664acfc6fe429a5454a0f24225b) Importer(815301076,1909f56bfc062723c751e8b465ee728b)
Start importing Assets/GUI/Plain Button with icon 3/Down.png using Guid(79828664acfc6fe429a5454a0f24225b) Importer(815301076,1909f56bfc062723c751e8b465ee728b)  -> (artifact id: 'e713f2cf1b0a6925302dff32816c8cd6') in 0.025796 seconds
  Import took 0.032793 seconds .

========================================================================
Received Import Request.
  Time since last request: 0.000243 seconds.
  path: Assets/GUI/Plain Button with icon 2/0.png
  artifactKey: Guid(4272dfa21beadcc4eb5aa703d7f9fcfc) Importer(815301076,1909f56bfc062723c751e8b465ee728b)
Start importing Assets/GUI/Plain Button with icon 2/0.png using Guid(4272dfa21beadcc4eb5aa703d7f9fcfc) Importer(815301076,1909f56bfc062723c751e8b465ee728b)  -> (artifact id: 'f6ed8f5c67ff74a3e0cbde5b92dd0ed4') in 0.025284 seconds
  Import took 0.029640 seconds .

========================================================================
Received Import Request.
  Time since last request: 0.000468 seconds.
  path: Assets/GUI/Plain Button with icon 3/Msuic on.png
  artifactKey: Guid(75fb484e9a0bca44a9ff46c6831c9de6) Importer(815301076,1909f56bfc062723c751e8b465ee728b)
Start importing Assets/GUI/Plain Button with icon 3/Msuic on.png using Guid(75fb484e9a0bca44a9ff46c6831c9de6) Importer(815301076,1909f56bfc062723c751e8b465ee728b)  -> (artifact id: '60082c8bb0cbaca725069d5b2d0d508c') in 0.021932 seconds
  Import took 0.029081 seconds .

========================================================================
Received Import Request.
  Time since last request: 0.000321 seconds.
  path: Assets/GUI/Plain Button with icon 2/Forward.png
  artifactKey: Guid(05080e3b66bd67646bd295463b815058) Importer(815301076,1909f56bfc062723c751e8b465ee728b)
Start importing Assets/GUI/Plain Button with icon 2/Forward.png using Guid(05080e3b66bd67646bd295463b815058) Importer(815301076,1909f56bfc062723c751e8b465ee728b)  -> (artifact id: '8aaf31b96b963813f6131be42285920d') in 0.021156 seconds
  Import took 0.028898 seconds .

========================================================================
Received Import Request.
  Time since last request: 0.000242 seconds.
  path: Assets/GUI/Plain Button with icon 3/Up.png
  artifactKey: Guid(d939dc25a40a58e4da9133c8bfa581d9) Importer(815301076,1909f56bfc062723c751e8b465ee728b)
Start importing Assets/GUI/Plain Button with icon 3/Up.png using Guid(d939dc25a40a58e4da9133c8bfa581d9) Importer(815301076,1909f56bfc062723c751e8b465ee728b)  -> (artifact id: '32f5cd57ac07d5154b986e57fa6f43e2') in 0.021807 seconds
  Import took 0.026403 seconds .

========================================================================
Received Import Request.
  Time since last request: 0.000247 seconds.
  path: Assets/GUI/Plain Button with icon 3/7.png
  artifactKey: Guid(a81d067326179564889fbbd8a8ff9740) Importer(815301076,1909f56bfc062723c751e8b465ee728b)
Start importing Assets/GUI/Plain Button with icon 3/7.png using Guid(a81d067326179564889fbbd8a8ff9740) Importer(815301076,1909f56bfc062723c751e8b465ee728b)  -> (artifact id: 'b96549e9d5c4035d8b31bec13ba6faa3') in 0.020093 seconds
  Import took 0.024899 seconds .

========================================================================
Received Import Request.
  Time since last request: 0.000262 seconds.
  path: Assets/GUI/Plain Button with icon 3/3.png
  artifactKey: Guid(6a305bc8dbba416489c118b892313ac1) Importer(815301076,1909f56bfc062723c751e8b465ee728b)
Start importing Assets/GUI/Plain Button with icon 3/3.png using Guid(6a305bc8dbba416489c118b892313ac1) Importer(815301076,1909f56bfc062723c751e8b465ee728b)  -> (artifact id: 'ab028c2439eb1c6fdd56a9b5ec0146c0') in 0.025195 seconds
  Import took 0.030216 seconds .

========================================================================
Received Import Request.
  Time since last request: 0.000232 seconds.
  path: Assets/GUI/Plain Button with icon 2/Achivenent.png
  artifactKey: Guid(c920471a0d7c7564da4bb3dba8a75a83) Importer(815301076,1909f56bfc062723c751e8b465ee728b)
Start importing Assets/GUI/Plain Button with icon 2/Achivenent.png using Guid(c920471a0d7c7564da4bb3dba8a75a83) Importer(815301076,1909f56bfc062723c751e8b465ee728b)  -> (artifact id: '478933ffcf063db2d8a770d46f3a181a') in 0.023233 seconds
  Import took 0.027333 seconds .

========================================================================
Received Import Request.
  Time since last request: 0.000220 seconds.
  path: Assets/GUI/Plain Button with icon 3/Dialogue-Back.png
  artifactKey: Guid(a2cc7071d9011b64ea00c956e36eb2a9) Importer(815301076,1909f56bfc062723c751e8b465ee728b)
Start importing Assets/GUI/Plain Button with icon 3/Dialogue-Back.png using Guid(a2cc7071d9011b64ea00c956e36eb2a9) Importer(815301076,1909f56bfc062723c751e8b465ee728b)  -> (artifact id: 'a33206d320684d469a48c700d4375b78') in 0.026510 seconds
  Import took 0.030634 seconds .

========================================================================
Received Import Request.
  Time since last request: 0.000229 seconds.
  path: Assets/GUI/Plain Button with icon 3/Star.png
  artifactKey: Guid(394f64e56edeb734dbc7fe4b6b31e3e3) Importer(815301076,1909f56bfc062723c751e8b465ee728b)
Start importing Assets/GUI/Plain Button with icon 3/Star.png using Guid(394f64e56edeb734dbc7fe4b6b31e3e3) Importer(815301076,1909f56bfc062723c751e8b465ee728b)  -> (artifact id: '2c079dda8dd819f6eaaae0ec8e1de62b') in 0.039389 seconds
  Import took 0.047671 seconds .

========================================================================
Received Import Request.
  Time since last request: 0.000085 seconds.
  path: Assets/GUI/Plain Button with icon 2/Cart.png
  artifactKey: Guid(0ab2246bd38823349898b4942d269654) Importer(815301076,1909f56bfc062723c751e8b465ee728b)
Start importing Assets/GUI/Plain Button with icon 2/Cart.png using Guid(0ab2246bd38823349898b4942d269654) Importer(815301076,1909f56bfc062723c751e8b465ee728b)  -> (artifact id: '5bd480e721d3fdaa4fe26c02474a4224') in 0.036285 seconds
  Import took 0.042034 seconds .

========================================================================
Received Import Request.
  Time since last request: 0.000277 seconds.
  path: Assets/GUI/Plain Button with icon 2/Music.png
  artifactKey: Guid(de68639a61232c2448a787d5e52bc92b) Importer(815301076,1909f56bfc062723c751e8b465ee728b)
Start importing Assets/GUI/Plain Button with icon 2/Music.png using Guid(de68639a61232c2448a787d5e52bc92b) Importer(815301076,1909f56bfc062723c751e8b465ee728b)  -> (artifact id: '773992484d86bf72508e34bb3abf2c3f') in 0.022811 seconds
  Import took 0.027173 seconds .

========================================================================
Received Import Request.
  Time since last request: 0.000209 seconds.
  path: Assets/GUI/Plain Button with icon 3/Pause.png
  artifactKey: Guid(033adf08a3570914ab7272b7d60339ed) Importer(815301076,1909f56bfc062723c751e8b465ee728b)
Start importing Assets/GUI/Plain Button with icon 3/Pause.png using Guid(033adf08a3570914ab7272b7d60339ed) Importer(815301076,1909f56bfc062723c751e8b465ee728b)  -> (artifact id: '4a1d82229322e46bfe91bdc0b9fe7247') in 0.020538 seconds
  Import took 0.024720 seconds .

========================================================================
Received Import Request.
  Time since last request: 0.000223 seconds.
  path: Assets/GUI/Plain Button with icon 2/8.png
  artifactKey: Guid(862f25ae63c9f98438003ce22a39f41b) Importer(815301076,1909f56bfc062723c751e8b465ee728b)
Start importing Assets/GUI/Plain Button with icon 2/8.png using Guid(862f25ae63c9f98438003ce22a39f41b) Importer(815301076,1909f56bfc062723c751e8b465ee728b)  -> (artifact id: '9b28e3ecfec4c3542bcfdf5acd52ed85') in 0.022766 seconds
  Import took 0.027007 seconds .

========================================================================
Received Import Request.
  Time since last request: 0.000215 seconds.
  path: Assets/GUI/Plain Button with icon 2/Play.png
  artifactKey: Guid(a5efff7ff81c0ac4d985a6c5ed0efa26) Importer(815301076,1909f56bfc062723c751e8b465ee728b)
Start importing Assets/GUI/Plain Button with icon 2/Play.png using Guid(a5efff7ff81c0ac4d985a6c5ed0efa26) Importer(815301076,1909f56bfc062723c751e8b465ee728b)  -> (artifact id: 'f910c548b3af2b65235f5d50b69a6549') in 0.023382 seconds
  Import took 0.027536 seconds .

========================================================================
Received Import Request.
  Time since last request: 0.000209 seconds.
  path: Assets/GUI/Plain Button with icon 3/Setting.png
  artifactKey: Guid(d39452c5663ef2146bef6dec89b88be9) Importer(815301076,1909f56bfc062723c751e8b465ee728b)
Start importing Assets/GUI/Plain Button with icon 3/Setting.png using Guid(d39452c5663ef2146bef6dec89b88be9) Importer(815301076,1909f56bfc062723c751e8b465ee728b)  -> (artifact id: '8b48cecbf8980ffc072ad969e3b816a2') in 0.023724 seconds
  Import took 0.028049 seconds .

========================================================================
Received Import Request.
  Time since last request: 0.000227 seconds.
  path: Assets/GUI/Plain Button with icon 3/2.png
  artifactKey: Guid(055575b14b29d924196746d379a83aaa) Importer(815301076,1909f56bfc062723c751e8b465ee728b)
Start importing Assets/GUI/Plain Button with icon 3/2.png using Guid(055575b14b29d924196746d379a83aaa) Importer(815301076,1909f56bfc062723c751e8b465ee728b)  -> (artifact id: 'bf67b6c0c046656b9a05a789e01c8fc5') in 0.022292 seconds
  Import took 0.026579 seconds .

========================================================================
Received Import Request.
  Time since last request: 0.000224 seconds.
  path: Assets/GUI/Plain Button with icon 2/9.png
  artifactKey: Guid(c325bc0334402114aa79137500877c3b) Importer(815301076,1909f56bfc062723c751e8b465ee728b)
Start importing Assets/GUI/Plain Button with icon 2/9.png using Guid(c325bc0334402114aa79137500877c3b) Importer(815301076,1909f56bfc062723c751e8b465ee728b)  -> (artifact id: '35ab343bc3dc1fe39a190e93de4bfef8') in 0.022643 seconds
  Import took 0.027148 seconds .

========================================================================
Received Import Request.
  Time since last request: 0.000227 seconds.
  path: Assets/GUI/Plain Button with icon 2/Dialogue-Back.png
  artifactKey: Guid(e35c9c46cd00a404382491f20dc9f8f2) Importer(815301076,1909f56bfc062723c751e8b465ee728b)
Start importing Assets/GUI/Plain Button with icon 2/Dialogue-Back.png using Guid(e35c9c46cd00a404382491f20dc9f8f2) Importer(815301076,1909f56bfc062723c751e8b465ee728b)  -> (artifact id: '6cce356eb01f5a576eca4f0d9d28c3ec') in 0.018244 seconds
  Import took 0.024059 seconds .

========================================================================
Received Import Request.
  Time since last request: 0.000276 seconds.
  path: Assets/GUI/Plain Button with icon 3/Information.png
  artifactKey: Guid(9e752b4a51fb8284f8a24ee576b6e76d) Importer(815301076,1909f56bfc062723c751e8b465ee728b)
Start importing Assets/GUI/Plain Button with icon 3/Information.png using Guid(9e752b4a51fb8284f8a24ee576b6e76d) Importer(815301076,1909f56bfc062723c751e8b465ee728b)  -> (artifact id: 'b57052b59c6b2011b3ff7c631e2d6e39') in 0.024454 seconds
  Import took 0.028374 seconds .

========================================================================
Received Import Request.
  Time since last request: 0.000203 seconds.
  path: Assets/GUI/Plain Button with icon 2/Rounded Rectangle.png
  artifactKey: Guid(0a4a54fc189644d44b0277efe90d7199) Importer(815301076,1909f56bfc062723c751e8b465ee728b)
Start importing Assets/GUI/Plain Button with icon 2/Rounded Rectangle.png using Guid(0a4a54fc189644d44b0277efe90d7199) Importer(815301076,1909f56bfc062723c751e8b465ee728b)  -> (artifact id: 'f58a8085e2d34393a7746fd2f1cb9f68') in 0.018125 seconds
  Import took 0.022758 seconds .

========================================================================
Received Import Request.
  Time since last request: 0.000222 seconds.
  path: Assets/GUI/Plain Button with icon 2/2.png
  artifactKey: Guid(ed3eb1bec65a47e4a96f6168fbc2fa4f) Importer(815301076,1909f56bfc062723c751e8b465ee728b)
Start importing Assets/GUI/Plain Button with icon 2/2.png using Guid(ed3eb1bec65a47e4a96f6168fbc2fa4f) Importer(815301076,1909f56bfc062723c751e8b465ee728b)  -> (artifact id: '841058f72110ccef1de9ebfde141de33') in 0.021309 seconds
  Import took 0.026035 seconds .

========================================================================
Received Import Request.
  Time since last request: 0.000213 seconds.
  path: Assets/GUI/Plain Button with icon 2/Rigt.png
  artifactKey: Guid(1df15fb6c6915d34b8c43948f1fa1b82) Importer(815301076,1909f56bfc062723c751e8b465ee728b)
Start importing Assets/GUI/Plain Button with icon 2/Rigt.png using Guid(1df15fb6c6915d34b8c43948f1fa1b82) Importer(815301076,1909f56bfc062723c751e8b465ee728b)  -> (artifact id: '82d396f83902baf3585ff64f17784436') in 0.021702 seconds
  Import took 0.026765 seconds .

========================================================================
Received Import Request.
  Time since last request: 0.000238 seconds.
  path: Assets/GUI/Plain Button with icon 3/Achivement.png
  artifactKey: Guid(f55adf37c2dc3834098b3435cf18f845) Importer(815301076,1909f56bfc062723c751e8b465ee728b)
Start importing Assets/GUI/Plain Button with icon 3/Achivement.png using Guid(f55adf37c2dc3834098b3435cf18f845) Importer(815301076,1909f56bfc062723c751e8b465ee728b)  -> (artifact id: 'b97ad314983e09444b46f6bc371f017d') in 0.020434 seconds
  Import took 0.024044 seconds .

========================================================================
Received Import Request.
  Time since last request: 0.000213 seconds.
  path: Assets/GUI/Plain Button with icon 2/Information.png
  artifactKey: Guid(82147d7ae11c7cc4092c34b7d0db37d5) Importer(815301076,1909f56bfc062723c751e8b465ee728b)
Start importing Assets/GUI/Plain Button with icon 2/Information.png using Guid(82147d7ae11c7cc4092c34b7d0db37d5) Importer(815301076,1909f56bfc062723c751e8b465ee728b)  -> (artifact id: 'fb88a8c847d04144d4021afa454cc459') in 0.017523 seconds
  Import took 0.032770 seconds .

========================================================================
Received Import Request.
  Time since last request: 0.000213 seconds.
  path: Assets/GUI/Plain Button with icon 2/Backward .png
  artifactKey: Guid(d9c53536e51988540bdb2c8e4d4aebbf) Importer(815301076,1909f56bfc062723c751e8b465ee728b)
Start importing Assets/GUI/Plain Button with icon 2/Backward .png using Guid(d9c53536e51988540bdb2c8e4d4aebbf) Importer(815301076,1909f56bfc062723c751e8b465ee728b)  -> (artifact id: 'a183a58df8e8871cdc1d9cec5c4d0a7c') in 0.027286 seconds
  Import took 0.033210 seconds .

========================================================================
Received Import Request.
  Time since last request: 0.000246 seconds.
  path: Assets/GUI/Plain Button with icon 2/Close.png
  artifactKey: Guid(ae0d2f65bd98b0548bfba4f18b881e1a) Importer(815301076,1909f56bfc062723c751e8b465ee728b)
Start importing Assets/GUI/Plain Button with icon 2/Close.png using Guid(ae0d2f65bd98b0548bfba4f18b881e1a) Importer(815301076,1909f56bfc062723c751e8b465ee728b)  -> (artifact id: 'b4339f85b55fe191180ec15f2694afad') in 0.020521 seconds
  Import took 0.026092 seconds .

========================================================================
Received Import Request.
  Time since last request: 0.000303 seconds.
  path: Assets/GUI/Plain Button with icon 2/Menu.png
  artifactKey: Guid(b931f6719a45a41459b3cf4c64fd20e5) Importer(815301076,1909f56bfc062723c751e8b465ee728b)
Start importing Assets/GUI/Plain Button with icon 2/Menu.png using Guid(b931f6719a45a41459b3cf4c64fd20e5) Importer(815301076,1909f56bfc062723c751e8b465ee728b)  -> (artifact id: '37ce4e37224464568d9901f1a9cca3a8') in 0.023525 seconds
  Import took 0.028932 seconds .

========================================================================
Received Import Request.
  Time since last request: 0.000245 seconds.
  path: Assets/GUI/Plain Button with icon 3/Question.png
  artifactKey: Guid(01aca25dbc481ab45a4bd6b8ccdbf77c) Importer(815301076,1909f56bfc062723c751e8b465ee728b)
Start importing Assets/GUI/Plain Button with icon 3/Question.png using Guid(01aca25dbc481ab45a4bd6b8ccdbf77c) Importer(815301076,1909f56bfc062723c751e8b465ee728b)  -> (artifact id: '8f3f997c323cfc74fe742f2df07226c4') in 0.031212 seconds
  Import took 0.037410 seconds .

========================================================================
Received Import Request.
  Time since last request: 0.000077 seconds.
  path: Assets/GUI/Plain Button with icon 2/Settings.png
  artifactKey: Guid(422bc01086d69b047a812c9b995876bc) Importer(815301076,1909f56bfc062723c751e8b465ee728b)
Start importing Assets/GUI/Plain Button with icon 2/Settings.png using Guid(422bc01086d69b047a812c9b995876bc) Importer(815301076,1909f56bfc062723c751e8b465ee728b)  -> (artifact id: '83c651f79106c8855bf93608425f20d0') in 0.021167 seconds
  Import took 0.026262 seconds .

========================================================================
Received Import Request.
  Time since last request: 0.000239 seconds.
  path: Assets/GUI/Plain Button with icon 3/4.png
  artifactKey: Guid(6042621b5fd84334cbd4a57260dde908) Importer(815301076,1909f56bfc062723c751e8b465ee728b)
Start importing Assets/GUI/Plain Button with icon 3/4.png using Guid(6042621b5fd84334cbd4a57260dde908) Importer(815301076,1909f56bfc062723c751e8b465ee728b)  -> (artifact id: '12b7a1e836e1639aaa0ef801cc81e6de') in 0.024345 seconds
  Import took 0.028925 seconds .

========================================================================
Received Import Request.
  Time since last request: 0.000241 seconds.
  path: Assets/GUI/Plain Button with icon 2/Music off.png
  artifactKey: Guid(b5d64553752ee144998c94ffccf9eec6) Importer(815301076,1909f56bfc062723c751e8b465ee728b)
Start importing Assets/GUI/Plain Button with icon 2/Music off.png using Guid(b5d64553752ee144998c94ffccf9eec6) Importer(815301076,1909f56bfc062723c751e8b465ee728b)  -> (artifact id: '1d2f69510e1a2c43288ab8176ba920f6') in 0.023834 seconds
  Import took 0.029004 seconds .

========================================================================
Received Import Request.
  Time since last request: 0.000238 seconds.
  path: Assets/GUI/Plain Button with icon 3/1.png
  artifactKey: Guid(25e13f249402e1849ab0252fe73c3440) Importer(815301076,1909f56bfc062723c751e8b465ee728b)
Start importing Assets/GUI/Plain Button with icon 3/1.png using Guid(25e13f249402e1849ab0252fe73c3440) Importer(815301076,1909f56bfc062723c751e8b465ee728b)  -> (artifact id: 'f18f6ec0a4c637c39603bc128a8fc21a') in 0.030144 seconds
  Import took 0.035176 seconds .

========================================================================
Received Import Request.
  Time since last request: 0.000254 seconds.
  path: Assets/GUI/Plain Button with icon 2/5.png
  artifactKey: Guid(45a1115722aea8d4ba165acd7091cc68) Importer(815301076,1909f56bfc062723c751e8b465ee728b)
Start importing Assets/GUI/Plain Button with icon 2/5.png using Guid(45a1115722aea8d4ba165acd7091cc68) Importer(815301076,1909f56bfc062723c751e8b465ee728b)  -> (artifact id: 'c6a868b3f345fa2dae28205fcc1d990d') in 0.025461 seconds
  Import took 0.030840 seconds .

========================================================================
Received Import Request.
  Time since last request: 0.000260 seconds.
  path: Assets/GUI/Plain Button with icon 3/8.png
  artifactKey: Guid(32f9a6bf25339964a9c31be24d979ad3) Importer(815301076,1909f56bfc062723c751e8b465ee728b)
Start importing Assets/GUI/Plain Button with icon 3/8.png using Guid(32f9a6bf25339964a9c31be24d979ad3) Importer(815301076,1909f56bfc062723c751e8b465ee728b)  -> (artifact id: '3fcb4cac49ff1776674b80832f937249') in 0.020877 seconds
  Import took 0.026854 seconds .

========================================================================
Received Import Request.
  Time since last request: 0.000263 seconds.
  path: Assets/GUI/Plain Button with icon 2/1.png
  artifactKey: Guid(2c6189c5ca2ce554499b4fc60ae599ec) Importer(815301076,1909f56bfc062723c751e8b465ee728b)
Start importing Assets/GUI/Plain Button with icon 2/1.png using Guid(2c6189c5ca2ce554499b4fc60ae599ec) Importer(815301076,1909f56bfc062723c751e8b465ee728b)  -> (artifact id: '6a7f07e553c1fee43a203cc0a6aaa257') in 0.025340 seconds
  Import took 0.029909 seconds .

========================================================================
Received Import Request.
  Time since last request: 0.000236 seconds.
  path: Assets/GUI/Plain Button with icon 2/Sound off.png
  artifactKey: Guid(84066fdbc376dd14cbb17941d797e1ba) Importer(815301076,1909f56bfc062723c751e8b465ee728b)
Start importing Assets/GUI/Plain Button with icon 2/Sound off.png using Guid(84066fdbc376dd14cbb17941d797e1ba) Importer(815301076,1909f56bfc062723c751e8b465ee728b)  -> (artifact id: '6d27dc65a6d68ba182b45ef59af2ad0c') in 0.022857 seconds
  Import took 0.028694 seconds .

========================================================================
Received Import Request.
  Time since last request: 0.000310 seconds.
  path: Assets/GUI/Plain Button with icon 2/Pause.png
  artifactKey: Guid(4c4aba460c9ec0f4cac996b39d1294aa) Importer(815301076,1909f56bfc062723c751e8b465ee728b)
Start importing Assets/GUI/Plain Button with icon 2/Pause.png using Guid(4c4aba460c9ec0f4cac996b39d1294aa) Importer(815301076,1909f56bfc062723c751e8b465ee728b)  -> (artifact id: 'd8e0c371d2dd28fee75438db5abf8cf8') in 0.021951 seconds
  Import took 0.028367 seconds .

========================================================================
Received Import Request.
  Time since last request: 0.000499 seconds.
  path: Assets/GUI/Plain Button with icon 2/Down.png
  artifactKey: Guid(80202407ee7662342a84d5892bca2e61) Importer(815301076,1909f56bfc062723c751e8b465ee728b)
Start importing Assets/GUI/Plain Button with icon 2/Down.png using Guid(80202407ee7662342a84d5892bca2e61) Importer(815301076,1909f56bfc062723c751e8b465ee728b)  -> (artifact id: 'de839a353fa778b9f8a25f539df793b1') in 0.021981 seconds
  Import took 0.028117 seconds .

========================================================================
Received Import Request.
  Time since last request: 0.000261 seconds.
  path: Assets/GUI/Plain Button with icon 2/Up.png
  artifactKey: Guid(2243575bdcc3d6a40b4c6d72c754bcb0) Importer(815301076,1909f56bfc062723c751e8b465ee728b)
Start importing Assets/GUI/Plain Button with icon 2/Up.png using Guid(2243575bdcc3d6a40b4c6d72c754bcb0) Importer(815301076,1909f56bfc062723c751e8b465ee728b)  -> (artifact id: '2d7bdb51f3ccfa962d4b6971c39a6a51') in 0.020842 seconds
  Import took 0.028734 seconds .

========================================================================
Received Import Request.
  Time since last request: 0.000298 seconds.
  path: Assets/GUI/Plain Button with icon 2/3.png
  artifactKey: Guid(678c3c0adc889824ba84c56e0ae4af99) Importer(815301076,1909f56bfc062723c751e8b465ee728b)
Start importing Assets/GUI/Plain Button with icon 2/3.png using Guid(678c3c0adc889824ba84c56e0ae4af99) Importer(815301076,1909f56bfc062723c751e8b465ee728b)  -> (artifact id: '4c49755b9863920a714a619c00a4505b') in 0.021985 seconds
  Import took 0.026221 seconds .

========================================================================
Received Import Request.
  Time since last request: 0.000261 seconds.
  path: Assets/GUI/Plain Button with icon 3/Sound.png
  artifactKey: Guid(0ddcaf8b2568ae54896e84a11ae0add9) Importer(815301076,1909f56bfc062723c751e8b465ee728b)
Start importing Assets/GUI/Plain Button with icon 3/Sound.png using Guid(0ddcaf8b2568ae54896e84a11ae0add9) Importer(815301076,1909f56bfc062723c751e8b465ee728b)  -> (artifact id: 'c404394cdcfbc8758f8a13a25eb30249') in 0.029335 seconds
  Import took 0.034377 seconds .

========================================================================
Received Import Request.
  Time since last request: 0.000227 seconds.
  path: Assets/GUI/Plain Button with icon 2/Star.png
  artifactKey: Guid(005c49c9c69fa364eb085deb9adbe502) Importer(815301076,1909f56bfc062723c751e8b465ee728b)
Start importing Assets/GUI/Plain Button with icon 2/Star.png using Guid(005c49c9c69fa364eb085deb9adbe502) Importer(815301076,1909f56bfc062723c751e8b465ee728b)  -> (artifact id: '3bf6c1045e4b00311f58ab9ad9b1404a') in 0.020691 seconds
  Import took 0.026161 seconds .

========================================================================
Received Import Request.
  Time since last request: 0.000207 seconds.
  path: Assets/GUI/Plain Button with icon 3/5.png
  artifactKey: Guid(21b28bc69b96d264f80aab994d867861) Importer(815301076,1909f56bfc062723c751e8b465ee728b)
Start importing Assets/GUI/Plain Button with icon 3/5.png using Guid(21b28bc69b96d264f80aab994d867861) Importer(815301076,1909f56bfc062723c751e8b465ee728b)  -> (artifact id: 'aaed3300e38af6b449062c65beb32842') in 0.020449 seconds
  Import took 0.026643 seconds .

========================================================================
Received Import Request.
  Time since last request: 0.000266 seconds.
  path: Assets/GUI/Plain Button with icon 2/Plain Button.png
  artifactKey: Guid(e6fdf716b2f51f245b79a73e58d16c4f) Importer(815301076,1909f56bfc062723c751e8b465ee728b)
Start importing Assets/GUI/Plain Button with icon 2/Plain Button.png using Guid(e6fdf716b2f51f245b79a73e58d16c4f) Importer(815301076,1909f56bfc062723c751e8b465ee728b)  -> (artifact id: '23380d5d5d7ee70e7d0ed9b1ea2978fe') in 0.040295 seconds
  Import took 0.046585 seconds .

========================================================================
Received Import Request.
  Time since last request: 0.000291 seconds.
  path: Assets/GUI/Plain Button with icon 3/Close.png
  artifactKey: Guid(bf37ddff5962e3947b528303818d668c) Importer(815301076,1909f56bfc062723c751e8b465ee728b)
Start importing Assets/GUI/Plain Button with icon 3/Close.png using Guid(bf37ddff5962e3947b528303818d668c) Importer(815301076,1909f56bfc062723c751e8b465ee728b)  -> (artifact id: '88c1af58aaeefea4037a0b6827c13802') in 0.033325 seconds
  Import took 0.043351 seconds .

========================================================================
Received Import Request.
  Time since last request: 0.000305 seconds.
  path: Assets/GUI/Plain Button with icon 2/Sound on.png
  artifactKey: Guid(d16144c67f9c8694d952f52cf7a09f50) Importer(815301076,1909f56bfc062723c751e8b465ee728b)
Start importing Assets/GUI/Plain Button with icon 2/Sound on.png using Guid(d16144c67f9c8694d952f52cf7a09f50) Importer(815301076,1909f56bfc062723c751e8b465ee728b)  -> (artifact id: '7c08b7829797c752eef2aa1bb05afee5') in 0.025828 seconds
  Import took 0.032807 seconds .

========================================================================
Received Import Request.
  Time since last request: 0.000259 seconds.
  path: Assets/GUI/Plain Button with icon 3/Music off.png
  artifactKey: Guid(b0b2abb4378a9934086e19ebcd3a2cc2) Importer(815301076,1909f56bfc062723c751e8b465ee728b)
Start importing Assets/GUI/Plain Button with icon 3/Music off.png using Guid(b0b2abb4378a9934086e19ebcd3a2cc2) Importer(815301076,1909f56bfc062723c751e8b465ee728b)  -> (artifact id: '34242e609ccb8b2782ab8b8363081f67') in 0.023477 seconds
  Import took 0.029257 seconds .

========================================================================
Received Import Request.
  Time since last request: 0.000279 seconds.
  path: Assets/GUI/Plain Button with icon 3/Rounded Rectangle.png
  artifactKey: Guid(29f734599e447ee48b3a829d377bed75) Importer(815301076,1909f56bfc062723c751e8b465ee728b)
Start importing Assets/GUI/Plain Button with icon 3/Rounded Rectangle.png using Guid(29f734599e447ee48b3a829d377bed75) Importer(815301076,1909f56bfc062723c751e8b465ee728b)  -> (artifact id: '4377c4400de0184bf5f88356ee45947c') in 0.016557 seconds
  Import took 0.023005 seconds .

========================================================================
Received Import Request.
  Time since last request: 0.000256 seconds.
  path: Assets/GUI/Plain Button with icon 3/9.png
  artifactKey: Guid(b4214afea27696b43b990eb1eb6a3351) Importer(815301076,1909f56bfc062723c751e8b465ee728b)
Start importing Assets/GUI/Plain Button with icon 3/9.png using Guid(b4214afea27696b43b990eb1eb6a3351) Importer(815301076,1909f56bfc062723c751e8b465ee728b)  -> (artifact id: 'a89358abce8ac0bcbf4ce692e4837690') in 0.022451 seconds
  Import took 0.028790 seconds .

========================================================================
Received Import Request.
  Time since last request: 0.000214 seconds.
  path: Assets/GUI/Plain Button with icon 2/4.png
  artifactKey: Guid(a58a60e09e1323d4a8c19ab2488637e0) Importer(815301076,1909f56bfc062723c751e8b465ee728b)
Start importing Assets/GUI/Plain Button with icon 2/4.png using Guid(a58a60e09e1323d4a8c19ab2488637e0) Importer(815301076,1909f56bfc062723c751e8b465ee728b)  -> (artifact id: 'acdda876f8021521fbeb362ce176cd9e') in 0.019105 seconds
  Import took 0.025878 seconds .

========================================================================
Received Import Request.
  Time since last request: 0.000211 seconds.
  path: Assets/GUI/Plain Button with icon 2
  artifactKey: Guid(b3cf909e7b4dd154596b85cfa4d50370) Importer(815301076,1909f56bfc062723c751e8b465ee728b)
Start importing Assets/GUI/Plain Button with icon 2 using Guid(b3cf909e7b4dd154596b85cfa4d50370) Importer(815301076,1909f56bfc062723c751e8b465ee728b)  -> (artifact id: '1775a453730b393ee31896b0e13db853') in 0.010035 seconds
  Import took 0.015213 seconds .

========================================================================
Received Import Request.
  Time since last request: 0.000158 seconds.
  path: Assets/GUI/Plain Button with icon 3/0.png
  artifactKey: Guid(d98d4789edae37541bd8a177afa1fec1) Importer(815301076,1909f56bfc062723c751e8b465ee728b)
Start importing Assets/GUI/Plain Button with icon 3/0.png using Guid(d98d4789edae37541bd8a177afa1fec1) Importer(815301076,1909f56bfc062723c751e8b465ee728b)  -> (artifact id: '1c97ba1cfb2af457bae91a62cf91ef40') in 0.018756 seconds
  Import took 0.023557 seconds .

========================================================================
Received Import Request.
  Time since last request: 0.000402 seconds.
  path: Assets/GUI/Plain Button with icon 2/Question.png
  artifactKey: Guid(9ac261087f1865c4cacd1b591bd84c1b) Importer(815301076,1909f56bfc062723c751e8b465ee728b)
Start importing Assets/GUI/Plain Button with icon 2/Question.png using Guid(9ac261087f1865c4cacd1b591bd84c1b) Importer(815301076,1909f56bfc062723c751e8b465ee728b)  -> (artifact id: '917d378595ad40fc885f8d346a47216d') in 0.017048 seconds
  Import took 0.020848 seconds .

========================================================================
Received Import Request.
  Time since last request: 0.000295 seconds.
  path: Assets/GUI/Plain Button with icon 3/Blank-Button.png
  artifactKey: Guid(a35295d72ff372b46a2bd18f0040d11e) Importer(815301076,1909f56bfc062723c751e8b465ee728b)
Start importing Assets/GUI/Plain Button with icon 3/Blank-Button.png using Guid(a35295d72ff372b46a2bd18f0040d11e) Importer(815301076,1909f56bfc062723c751e8b465ee728b)  -> (artifact id: '916ec27ebff3119dbef5601f774ea4a9') in 0.020591 seconds
  Import took 0.025519 seconds .

========================================================================
Received Import Request.
  Time since last request: 0.000262 seconds.
  path: Assets/GUI/Plain Button with icon 3/Retry.png
  artifactKey: Guid(65843ea0a6911c8448f80a49ff6f6f3a) Importer(815301076,1909f56bfc062723c751e8b465ee728b)
Start importing Assets/GUI/Plain Button with icon 3/Retry.png using Guid(65843ea0a6911c8448f80a49ff6f6f3a) Importer(815301076,1909f56bfc062723c751e8b465ee728b)  -> (artifact id: '0bcc2911cd4799aab503aa4f3806637f') in 0.017473 seconds
  Import took 0.023083 seconds .

========================================================================
Received Import Request.
  Time since last request: 0.000321 seconds.
  path: Assets/GUI/Plain Button with icon 3/Backward.png
  artifactKey: Guid(1ae7cb35c3dd86e4c9ee21e56f939dc2) Importer(815301076,1909f56bfc062723c751e8b465ee728b)
Start importing Assets/GUI/Plain Button with icon 3/Backward.png using Guid(1ae7cb35c3dd86e4c9ee21e56f939dc2) Importer(815301076,1909f56bfc062723c751e8b465ee728b)  -> (artifact id: 'cfc32669051aaf25cfa8eab2e5368b3c') in 0.029137 seconds
  Import took 0.034248 seconds .

========================================================================
Received Import Request.
  Time since last request: 0.000234 seconds.
  path: Assets/GUI/Plain Button with icon 3/Forward.png
  artifactKey: Guid(3808d8735eba3bc41a913150b21539da) Importer(815301076,1909f56bfc062723c751e8b465ee728b)
Start importing Assets/GUI/Plain Button with icon 3/Forward.png using Guid(3808d8735eba3bc41a913150b21539da) Importer(815301076,1909f56bfc062723c751e8b465ee728b)  -> (artifact id: '0c1f6b42fdc06ae950bead2f7a947ecc') in 0.025216 seconds
  Import took 0.031019 seconds .

========================================================================
Received Import Request.
  Time since last request: 0.000255 seconds.
  path: Assets/GUI/Plain Button with icon 3/Cart.png
  artifactKey: Guid(893a3b75ed90b4243bd09b142d3f4e8b) Importer(815301076,1909f56bfc062723c751e8b465ee728b)
Start importing Assets/GUI/Plain Button with icon 3/Cart.png using Guid(893a3b75ed90b4243bd09b142d3f4e8b) Importer(815301076,1909f56bfc062723c751e8b465ee728b)  -> (artifact id: '74d96e76f950027ba5216d47edd6b25b') in 0.021344 seconds
  Import took 0.025940 seconds .

========================================================================
Received Import Request.
  Time since last request: 0.000227 seconds.
  path: Assets/GUI/Plain Button with icon 2/Retry.png
  artifactKey: Guid(704b3230a72271f479282e5d92a03991) Importer(815301076,1909f56bfc062723c751e8b465ee728b)
Start importing Assets/GUI/Plain Button with icon 2/Retry.png using Guid(704b3230a72271f479282e5d92a03991) Importer(815301076,1909f56bfc062723c751e8b465ee728b)  -> (artifact id: '748f4c1c3d2267991e9534e2d50e96ee') in 0.018136 seconds
  Import took 0.021749 seconds .

========================================================================
Received Import Request.
  Time since last request: 0.000207 seconds.
  path: Assets/GUI/Plain Button with icon 3
  artifactKey: Guid(2f7d5e6f2ef345547951808c3275971f) Importer(815301076,1909f56bfc062723c751e8b465ee728b)
Start importing Assets/GUI/Plain Button with icon 3 using Guid(2f7d5e6f2ef345547951808c3275971f) Importer(815301076,1909f56bfc062723c751e8b465ee728b)  -> (artifact id: '24401490cf86be5893ec22009761ae85') in 0.010481 seconds
  Import took 0.020136 seconds .

========================================================================
Received Import Request.
  Time since last request: 0.000199 seconds.
  path: Assets/GUI/Plain Button with icon 4
  artifactKey: Guid(e918b2e705d738e46867bb516b08d949) Importer(815301076,1909f56bfc062723c751e8b465ee728b)
Start importing Assets/GUI/Plain Button with icon 4 using Guid(e918b2e705d738e46867bb516b08d949) Importer(815301076,1909f56bfc062723c751e8b465ee728b)  -> (artifact id: '5e63b11314c223738bd0f979503fd026') in 0.009060 seconds
  Import took 0.013966 seconds .

========================================================================
Received Import Request.
  Time since last request: 0.000110 seconds.
  path: Assets/GUI
  artifactKey: Guid(2801432102f093445a7804b12f37569e) Importer(815301076,1909f56bfc062723c751e8b465ee728b)
Start importing Assets/GUI using Guid(2801432102f093445a7804b12f37569e) Importer(815301076,1909f56bfc062723c751e8b465ee728b)  -> (artifact id: '3b240762fe11a17948a26a68254cfd93') in 0.009002 seconds
  Import took 0.012364 seconds .

========================================================================
Received Import Request.
  Time since last request: 0.000216 seconds.
  path: Assets/GUI/Plain Button with icon 4
  artifactKey: Guid(e918b2e705d738e46867bb516b08d949) Importer(815301076,1909f56bfc062723c751e8b465ee728b)
Start importing Assets/GUI/Plain Button with icon 4 using Guid(e918b2e705d738e46867bb516b08d949) Importer(815301076,1909f56bfc062723c751e8b465ee728b)  -> (artifact id: '5e63b11314c223738bd0f979503fd026') in 0.003199 seconds
  Import took 0.007433 seconds .

========================================================================
Received Import Request.
  Time since last request: 0.000236 seconds.
  path: Assets/GUI/Plain Button with icon 3/Sound on.png
  artifactKey: Guid(7be252ec2d0854f46a0389dbda595cf4) Importer(815301076,1909f56bfc062723c751e8b465ee728b)
Start importing Assets/GUI/Plain Button with icon 3/Sound on.png using Guid(7be252ec2d0854f46a0389dbda595cf4) Importer(815301076,1909f56bfc062723c751e8b465ee728b)  -> (artifact id: 'dd6fdede0cf7f5c144033981e0503b8c') in 0.016929 seconds
  Import took 0.021585 seconds .

========================================================================
Received Import Request.
  Time since last request: 0.000235 seconds.
  path: Assets/GUI/Plain Button with icon 4/Question.png
  artifactKey: Guid(086972148bc2c194ea69d0867c84d6de) Importer(815301076,1909f56bfc062723c751e8b465ee728b)
Start importing Assets/GUI/Plain Button with icon 4/Question.png using Guid(086972148bc2c194ea69d0867c84d6de) Importer(815301076,1909f56bfc062723c751e8b465ee728b)  -> (artifact id: 'ecbb0c31363ab60ee57fb5555f7fda91') in 0.017603 seconds
  Import took 0.022401 seconds .

========================================================================
Received Import Request.
  Time since last request: 0.000215 seconds.
  path: Assets/GUI/Plain Button with icon 4/7.png
  artifactKey: Guid(5c884ef8b0fef8d48b76fc9f28ca00b5) Importer(815301076,1909f56bfc062723c751e8b465ee728b)
Start importing Assets/GUI/Plain Button with icon 4/7.png using Guid(5c884ef8b0fef8d48b76fc9f28ca00b5) Importer(815301076,1909f56bfc062723c751e8b465ee728b)  -> (artifact id: 'ddfb4620b817c71d09466ffcaadf4691') in 0.021332 seconds
  Import took 0.024819 seconds .

========================================================================
Received Import Request.
  Time since last request: 0.000214 seconds.
  path: Assets/GUI/Plain Button with icon 4/Pause.png
  artifactKey: Guid(0b9fbfa579ed8f9439a74cd9f3fdf079) Importer(815301076,1909f56bfc062723c751e8b465ee728b)
Start importing Assets/GUI/Plain Button with icon 4/Pause.png using Guid(0b9fbfa579ed8f9439a74cd9f3fdf079) Importer(815301076,1909f56bfc062723c751e8b465ee728b)  -> (artifact id: '364fa8c5f508256c3ab783f4233cfdd4') in 0.018666 seconds
  Import took 0.022771 seconds .

========================================================================
Received Import Request.
  Time since last request: 0.000212 seconds.
  path: Assets/GUI/Plain Button with icon 4/8.png
  artifactKey: Guid(4ce8646d661312d4cb6d1746d5039763) Importer(815301076,1909f56bfc062723c751e8b465ee728b)
Start importing Assets/GUI/Plain Button with icon 4/8.png using Guid(4ce8646d661312d4cb6d1746d5039763) Importer(815301076,1909f56bfc062723c751e8b465ee728b)  -> (artifact id: 'c0ecb83bc3bf1949c01a77d603bec13a') in 0.016740 seconds
  Import took 0.020904 seconds .

========================================================================
Received Import Request.
  Time since last request: 0.000204 seconds.
  path: Assets/GUI/Plain Button with icon 4/6.png
  artifactKey: Guid(9d40eb6a0dba67c41be620d102ff5c71) Importer(815301076,1909f56bfc062723c751e8b465ee728b)
Start importing Assets/GUI/Plain Button with icon 4/6.png using Guid(9d40eb6a0dba67c41be620d102ff5c71) Importer(815301076,1909f56bfc062723c751e8b465ee728b)  -> (artifact id: 'ce9f0b4c504c722aba5fa3142f9aafc1') in 0.019414 seconds
  Import took 0.025017 seconds .

========================================================================
Received Import Request.
  Time since last request: 0.000222 seconds.
  path: Assets/GUI/Plain Button with icon 4/Information.png
  artifactKey: Guid(b138c2b0d824f8347972db89989e17e5) Importer(815301076,1909f56bfc062723c751e8b465ee728b)
Start importing Assets/GUI/Plain Button with icon 4/Information.png using Guid(b138c2b0d824f8347972db89989e17e5) Importer(815301076,1909f56bfc062723c751e8b465ee728b)  -> (artifact id: 'ba94bb2cfd0f8c2be4a6bfd1e54c09f5') in 0.018179 seconds
  Import took 0.022726 seconds .

========================================================================
Received Import Request.
  Time since last request: 0.000224 seconds.
  path: Assets/GUI/Plain Button with icon 4/Sound on.png
  artifactKey: Guid(09a495c3bdbc2784fa4eee5179729f6f) Importer(815301076,1909f56bfc062723c751e8b465ee728b)
Start importing Assets/GUI/Plain Button with icon 4/Sound on.png using Guid(09a495c3bdbc2784fa4eee5179729f6f) Importer(815301076,1909f56bfc062723c751e8b465ee728b)  -> (artifact id: 'ba1ef012afc64e36a352f924ceb1d061') in 0.019794 seconds
  Import took 0.024625 seconds .

========================================================================
Received Import Request.
  Time since last request: 0.000222 seconds.
  path: Assets/GUI/Plain Button with icon 4/5.png
  artifactKey: Guid(815cae3759cd1dd40ab5938c6e5aea78) Importer(815301076,1909f56bfc062723c751e8b465ee728b)
Start importing Assets/GUI/Plain Button with icon 4/5.png using Guid(815cae3759cd1dd40ab5938c6e5aea78) Importer(815301076,1909f56bfc062723c751e8b465ee728b)  -> (artifact id: 'a4a82f1e6c0bd463f00823be9a9f51f9') in 0.017853 seconds
  Import took 0.022248 seconds .

========================================================================
Received Import Request.
  Time since last request: 0.000213 seconds.
  path: Assets/GUI/Plain Button with icon 4/Blank-Button.png
  artifactKey: Guid(127139f2760ee714088c295cb421c62b) Importer(815301076,1909f56bfc062723c751e8b465ee728b)
Start importing Assets/GUI/Plain Button with icon 4/Blank-Button.png using Guid(127139f2760ee714088c295cb421c62b) Importer(815301076,1909f56bfc062723c751e8b465ee728b)  -> (artifact id: '7925cd8d3d4d642440513ebb5b03182d') in 0.019758 seconds
  Import took 0.024621 seconds .

========================================================================
Received Import Request.
  Time since last request: 0.000200 seconds.
  path: Assets/GUI/Plain Button with icon 4/Music on.png
  artifactKey: Guid(9fa46aece3031454d843335407c9c294) Importer(815301076,1909f56bfc062723c751e8b465ee728b)
Start importing Assets/GUI/Plain Button with icon 4/Music on.png using Guid(9fa46aece3031454d843335407c9c294) Importer(815301076,1909f56bfc062723c751e8b465ee728b)  -> (artifact id: '23b4146c2be0c76519de873888d28882') in 0.024635 seconds
  Import took 0.028942 seconds .

========================================================================
Received Import Request.
  Time since last request: 0.000222 seconds.
  path: Assets/GUI/Plain Button with icon 4/Rectangle Button.png
  artifactKey: Guid(fec80138a81751441a359acbd99d6dd6) Importer(815301076,1909f56bfc062723c751e8b465ee728b)
Start importing Assets/GUI/Plain Button with icon 4/Rectangle Button.png using Guid(fec80138a81751441a359acbd99d6dd6) Importer(815301076,1909f56bfc062723c751e8b465ee728b)  -> (artifact id: '56e68dedfd53a47203140fb31a67d3d0') in 0.021333 seconds
  Import took 0.026034 seconds .

========================================================================
Received Import Request.
  Time since last request: 0.000267 seconds.
  path: Assets/GUI/Plain Button with icon 4/Muic off.png
  artifactKey: Guid(9a6f283410254bc469f85b1db8c8b7c8) Importer(815301076,1909f56bfc062723c751e8b465ee728b)
Start importing Assets/GUI/Plain Button with icon 4/Muic off.png using Guid(9a6f283410254bc469f85b1db8c8b7c8) Importer(815301076,1909f56bfc062723c751e8b465ee728b)  -> (artifact id: '01774eb7709b11eeb8256e4095889ba5') in 0.019159 seconds
  Import took 0.023872 seconds .

========================================================================
Received Import Request.
  Time since last request: 0.000249 seconds.
  path: Assets/GUI/Plain Button with icon 4/Tick.png
  artifactKey: Guid(bfcbafd9412ed6e4d8acaa2ec592c495) Importer(815301076,1909f56bfc062723c751e8b465ee728b)
Start importing Assets/GUI/Plain Button with icon 4/Tick.png using Guid(bfcbafd9412ed6e4d8acaa2ec592c495) Importer(815301076,1909f56bfc062723c751e8b465ee728b)  -> (artifact id: 'f82990f1d4954270675504c3850ab1e5') in 0.020011 seconds
  Import took 0.025155 seconds .

========================================================================
Received Import Request.
  Time since last request: 0.000240 seconds.
  path: Assets/GUI/Plain Button with icon 4/Forward.png
  artifactKey: Guid(d816d716a67ff1a4c81a5bb17fc4d725) Importer(815301076,1909f56bfc062723c751e8b465ee728b)
Start importing Assets/GUI/Plain Button with icon 4/Forward.png using Guid(d816d716a67ff1a4c81a5bb17fc4d725) Importer(815301076,1909f56bfc062723c751e8b465ee728b)  -> (artifact id: '6e7b0ec017297a7a31e16581e5cf22df') in 0.021623 seconds
  Import took 0.028088 seconds .

========================================================================
Received Import Request.
  Time since last request: 0.000292 seconds.
  path: Assets/GUI/Plain Button with icon 4/Backward.png
  artifactKey: Guid(f77502a9ab093f548baf2dd88b05d589) Importer(815301076,1909f56bfc062723c751e8b465ee728b)
Start importing Assets/GUI/Plain Button with icon 4/Backward.png using Guid(f77502a9ab093f548baf2dd88b05d589) Importer(815301076,1909f56bfc062723c751e8b465ee728b)  -> (artifact id: 'e96b0c61637143eec6cd0404883b2cb4') in 0.023668 seconds
  Import took 0.027704 seconds .

========================================================================
Received Import Request.
  Time since last request: 0.000234 seconds.
  path: Assets/GUI/Plain Button with icon 4/Rounded Rectangle.png
  artifactKey: Guid(d21dc8cc3baef1147a7971f7a6480b8f) Importer(815301076,1909f56bfc062723c751e8b465ee728b)
Start importing Assets/GUI/Plain Button with icon 4/Rounded Rectangle.png using Guid(d21dc8cc3baef1147a7971f7a6480b8f) Importer(815301076,1909f56bfc062723c751e8b465ee728b)  -> (artifact id: 'd8b1dc37096e5f896ff2a3a0d2264886') in 0.020354 seconds
  Import took 0.025240 seconds .

========================================================================
Received Import Request.
  Time since last request: 0.000240 seconds.
  path: Assets/GUI/Plain Button with icon 4/2.png
  artifactKey: Guid(b5397c40bc74998489b1492f3120f578) Importer(815301076,1909f56bfc062723c751e8b465ee728b)
Start importing Assets/GUI/Plain Button with icon 4/2.png using Guid(b5397c40bc74998489b1492f3120f578) Importer(815301076,1909f56bfc062723c751e8b465ee728b)  -> (artifact id: '64adfc7f00ab503670ab34ef9f028c60') in 0.020140 seconds
  Import took 0.026999 seconds .

========================================================================
Received Import Request.
  Time since last request: 0.000207 seconds.
  path: Assets/GUI/Plain Button with icon 4/Down.png
  artifactKey: Guid(75735c11467c882458af3ab3c4906397) Importer(815301076,1909f56bfc062723c751e8b465ee728b)
Start importing Assets/GUI/Plain Button with icon 4/Down.png using Guid(75735c11467c882458af3ab3c4906397) Importer(815301076,1909f56bfc062723c751e8b465ee728b)  -> (artifact id: '04fb79f96d8d604e002e3741aafc659f') in 0.021854 seconds
  Import took 0.028151 seconds .

========================================================================
Received Import Request.
  Time since last request: 0.000338 seconds.
  path: Assets/GUI/Plain Button with icon 4/4.png
  artifactKey: Guid(0ff26834ff7a24643915101643b8b119) Importer(815301076,1909f56bfc062723c751e8b465ee728b)
Start importing Assets/GUI/Plain Button with icon 4/4.png using Guid(0ff26834ff7a24643915101643b8b119) Importer(815301076,1909f56bfc062723c751e8b465ee728b)  -> (artifact id: 'eac840086df2991e7c7c8de04f342f0e') in 0.020810 seconds
  Import took 0.025958 seconds .

========================================================================
Received Import Request.
  Time since last request: 0.000269 seconds.
  path: Assets/GUI/Plain Button with icon 4/Up.png
  artifactKey: Guid(67bc76574c76a2e439f1b083fae46db9) Importer(815301076,1909f56bfc062723c751e8b465ee728b)
Start importing Assets/GUI/Plain Button with icon 4/Up.png using Guid(67bc76574c76a2e439f1b083fae46db9) Importer(815301076,1909f56bfc062723c751e8b465ee728b)  -> (artifact id: '07a4f5da48d372994645fb316ba4b131') in 0.022220 seconds
  Import took 0.029069 seconds .

========================================================================
Received Import Request.
  Time since last request: 0.000295 seconds.
  path: Assets/GUI/Plain Button with icon 4/3.png
  artifactKey: Guid(046f017605e44b8419381d272d48eeee) Importer(815301076,1909f56bfc062723c751e8b465ee728b)
Start importing Assets/GUI/Plain Button with icon 4/3.png using Guid(046f017605e44b8419381d272d48eeee) Importer(815301076,1909f56bfc062723c751e8b465ee728b)  -> (artifact id: '0825313d3203efb6a35e49d72aa05deb') in 0.027548 seconds
  Import took 0.033536 seconds .

========================================================================
Received Import Request.
  Time since last request: 0.000251 seconds.
  path: Assets/GUI/Plain Button with icon 4/9.png
  artifactKey: Guid(d54c415dbd6567c4f948d0e4d0634a81) Importer(815301076,1909f56bfc062723c751e8b465ee728b)
Start importing Assets/GUI/Plain Button with icon 4/9.png using Guid(d54c415dbd6567c4f948d0e4d0634a81) Importer(815301076,1909f56bfc062723c751e8b465ee728b)  -> (artifact id: '9c8c14c7883f7670176dee3fe06fa9e0') in 0.037799 seconds
  Import took 0.044507 seconds .

========================================================================
Received Import Request.
  Time since last request: 0.000290 seconds.
  path: Assets/GUI/Plain Button with icon 4/Achivement_.png
  artifactKey: Guid(51eb62e599a8c6d4aa4bfb096d548203) Importer(815301076,1909f56bfc062723c751e8b465ee728b)
Start importing Assets/GUI/Plain Button with icon 4/Achivement_.png using Guid(51eb62e599a8c6d4aa4bfb096d548203) Importer(815301076,1909f56bfc062723c751e8b465ee728b)  -> (artifact id: '4729bc04db0067da6ea1a21457f06102') in 0.031067 seconds
  Import took 0.036283 seconds .

========================================================================
Received Import Request.
  Time since last request: 0.000257 seconds.
  path: Assets/GUI/Plain Button with icon 4/Menu.png
  artifactKey: Guid(78a5907401ca1ee468b94c6bae163bb3) Importer(815301076,1909f56bfc062723c751e8b465ee728b)
Start importing Assets/GUI/Plain Button with icon 4/Menu.png using Guid(78a5907401ca1ee468b94c6bae163bb3) Importer(815301076,1909f56bfc062723c751e8b465ee728b)  -> (artifact id: '06dd6d1f767bc9a74d1c6c4961863a86') in 0.024691 seconds
  Import took 0.029872 seconds .

========================================================================
Received Import Request.
  Time since last request: 0.000266 seconds.
  path: Assets/GUI/Plain Button with icon 4/1.png
  artifactKey: Guid(3a547a21996545549a5acc005d394615) Importer(815301076,1909f56bfc062723c751e8b465ee728b)
Start importing Assets/GUI/Plain Button with icon 4/1.png using Guid(3a547a21996545549a5acc005d394615) Importer(815301076,1909f56bfc062723c751e8b465ee728b)  -> (artifact id: '72fe1237331c844c5684bbad90d8ddc4') in 0.023477 seconds
  Import took 0.028877 seconds .

========================================================================
Received Import Request.
  Time since last request: 0.000288 seconds.
  path: Assets/GUI/Plain Button with icon 4/Setting.png
  artifactKey: Guid(a85dbe78b316b4340872e76c5ade217a) Importer(815301076,1909f56bfc062723c751e8b465ee728b)
Start importing Assets/GUI/Plain Button with icon 4/Setting.png using Guid(a85dbe78b316b4340872e76c5ade217a) Importer(815301076,1909f56bfc062723c751e8b465ee728b)  -> (artifact id: 'a22775f2a55e670c909caff6ce070344') in 0.026970 seconds
  Import took 0.032278 seconds .

========================================================================
Received Import Request.
  Time since last request: 0.000235 seconds.
  path: Assets/GUI/Plain Button with icon 4/Star.png
  artifactKey: Guid(5847ff615dd038844a5b7352c0d2463e) Importer(815301076,1909f56bfc062723c751e8b465ee728b)
Start importing Assets/GUI/Plain Button with icon 4/Star.png using Guid(5847ff615dd038844a5b7352c0d2463e) Importer(815301076,1909f56bfc062723c751e8b465ee728b)  -> (artifact id: 'ad98c437b4644ca657024834aa061398') in 0.024080 seconds
  Import took 0.029329 seconds .

========================================================================
Received Import Request.
  Time since last request: 0.000236 seconds.
  path: Assets/GUI/Plain Button with icon 4/Dilagoue-Back.png
  artifactKey: Guid(f2f66b5abd868d043950bf705832d67f) Importer(815301076,1909f56bfc062723c751e8b465ee728b)
Start importing Assets/GUI/Plain Button with icon 4/Dilagoue-Back.png using Guid(f2f66b5abd868d043950bf705832d67f) Importer(815301076,1909f56bfc062723c751e8b465ee728b)  -> (artifact id: '709557d707625dfb46c3a3f76ab0d3f4') in 0.024214 seconds
  Import took 0.032525 seconds .

========================================================================
Received Import Request.
  Time since last request: 0.000233 seconds.
  path: Assets/GUI/Plain Button with icon 4/Play.png
  artifactKey: Guid(4d35d9000ec1fb74094f118c4753a81f) Importer(815301076,1909f56bfc062723c751e8b465ee728b)
Start importing Assets/GUI/Plain Button with icon 4/Play.png using Guid(4d35d9000ec1fb74094f118c4753a81f) Importer(815301076,1909f56bfc062723c751e8b465ee728b)  -> (artifact id: '1eaf236ecb4cadb0c66079f269a86710') in 0.022916 seconds
  Import took 0.028331 seconds .

========================================================================
Received Import Request.
  Time since last request: 0.000281 seconds.
  path: Assets/GUI/Plain Button with icon 4/Cart.png
  artifactKey: Guid(02cd7e53f6c1fe64fa4372d699bc90de) Importer(815301076,1909f56bfc062723c751e8b465ee728b)
Start importing Assets/GUI/Plain Button with icon 4/Cart.png using Guid(02cd7e53f6c1fe64fa4372d699bc90de) Importer(815301076,1909f56bfc062723c751e8b465ee728b)  -> (artifact id: '34772de55a2aa4a4a8574727bdc972ff') in 0.022165 seconds
  Import took 0.027660 seconds .

========================================================================
Received Import Request.
  Time since last request: 0.000229 seconds.
  path: Assets/GUI/Plain Button with icon 4/Sound off.png
  artifactKey: Guid(9f6458b2bebbd91468675222564eb80a) Importer(815301076,1909f56bfc062723c751e8b465ee728b)
Start importing Assets/GUI/Plain Button with icon 4/Sound off.png using Guid(9f6458b2bebbd91468675222564eb80a) Importer(815301076,1909f56bfc062723c751e8b465ee728b)  -> (artifact id: '07355e74b0df1a8784663562a570263c') in 0.021759 seconds
  Import took 0.026870 seconds .

========================================================================
Received Import Request.
  Time since last request: 0.000340 seconds.
  path: Assets/GUI/Plain Button with icon 4/Close.png
  artifactKey: Guid(f14f99097e30dbd4a8baefb753d438c4) Importer(815301076,1909f56bfc062723c751e8b465ee728b)
Start importing Assets/GUI/Plain Button with icon 4/Close.png using Guid(f14f99097e30dbd4a8baefb753d438c4) Importer(815301076,1909f56bfc062723c751e8b465ee728b)  -> (artifact id: '716e82f1f1f360284ca6dfc2966fdc68') in 0.018690 seconds
  Import took 0.023396 seconds .

========================================================================
Received Import Request.
  Time since last request: 0.000228 seconds.
  path: Assets/GUI/Plain Button with icon 4/0.png
  artifactKey: Guid(d5e30876986048c45961b26685cf175f) Importer(815301076,1909f56bfc062723c751e8b465ee728b)
Start importing Assets/GUI/Plain Button with icon 4/0.png using Guid(d5e30876986048c45961b26685cf175f) Importer(815301076,1909f56bfc062723c751e8b465ee728b)  -> (artifact id: '22a9c566d49d661fae46218fe6351067') in 0.022766 seconds
  Import took 0.026458 seconds .

========================================================================
Received Import Request.
  Time since last request: 0.000224 seconds.
  path: Assets/GUI/Plain Button with icon 2/6.png
  artifactKey: Guid(1175ac6be90c2d147aac8cfd6591b4dc) Importer(815301076,1909f56bfc062723c751e8b465ee728b)
Start importing Assets/GUI/Plain Button with icon 2/6.png using Guid(1175ac6be90c2d147aac8cfd6591b4dc) Importer(815301076,1909f56bfc062723c751e8b465ee728b)  -> (artifact id: '3fd71a2c1dad1ad6c2a67639c8547a35') in 0.017687 seconds
  Import took 0.022278 seconds .

========================================================================
Received Import Request.
  Time since last request: 0.000208 seconds.
  path: Assets/GUI/Plain Button with icon 3/Menu.png
  artifactKey: Guid(616d30a87e12c6f4fb317b9fca69d304) Importer(815301076,1909f56bfc062723c751e8b465ee728b)
Start importing Assets/GUI/Plain Button with icon 3/Menu.png using Guid(616d30a87e12c6f4fb317b9fca69d304) Importer(815301076,1909f56bfc062723c751e8b465ee728b)  -> (artifact id: '7a11f1706cf20e2e01526e873938ccb1') in 0.018849 seconds
  Import took 0.022516 seconds .

========================================================================
Received Import Request.
  Time since last request: 0.000239 seconds.
  path: Assets/GUI/Plain Button with icon 4/Retry.png
  artifactKey: Guid(f9b8bee99104bde43827fda2c92c05c0) Importer(815301076,1909f56bfc062723c751e8b465ee728b)
Start importing Assets/GUI/Plain Button with icon 4/Retry.png using Guid(f9b8bee99104bde43827fda2c92c05c0) Importer(815301076,1909f56bfc062723c751e8b465ee728b)  -> (artifact id: '238c484fc1a15a7c0653c97beda88206') in 0.017564 seconds
  Import took 0.022585 seconds .

========================================================================
Received Import Request.
  Time since last request: 0.000251 seconds.
  path: Assets/GUI/Plain Button with icon 2/Rectangle Button.png
  artifactKey: Guid(a4eda7229e8a2b849a185697a99699c3) Importer(815301076,1909f56bfc062723c751e8b465ee728b)
Start importing Assets/GUI/Plain Button with icon 2/Rectangle Button.png using Guid(a4eda7229e8a2b849a185697a99699c3) Importer(815301076,1909f56bfc062723c751e8b465ee728b)  -> (artifact id: '03f7c2aa97f2e781cb3e5f625282b9bd') in 0.018245 seconds
  Import took 0.022495 seconds .

========================================================================
Received Import Request.
  Time since last request: 0.000228 seconds.
  path: Assets/GUI/Plain Button with icon 3/Right.png
  artifactKey: Guid(c0ba1c34b793e9f40b7d16b54cdd8d58) Importer(815301076,1909f56bfc062723c751e8b465ee728b)
Start importing Assets/GUI/Plain Button with icon 3/Right.png using Guid(c0ba1c34b793e9f40b7d16b54cdd8d58) Importer(815301076,1909f56bfc062723c751e8b465ee728b)  -> (artifact id: '907c33c7b84a110e39e57bd8b2bc09d4') in 0.020109 seconds
  Import took 0.024325 seconds .

========================================================================
Received Import Request.
  Time since last request: 0.000223 seconds.
  path: Assets/GUI/Plain Button with icon 2/7.png
  artifactKey: Guid(14dde81d523f56c4ca99e1c1150d4665) Importer(815301076,1909f56bfc062723c751e8b465ee728b)
Start importing Assets/GUI/Plain Button with icon 2/7.png using Guid(14dde81d523f56c4ca99e1c1150d4665) Importer(815301076,1909f56bfc062723c751e8b465ee728b)  -> (artifact id: 'e7d705b65a53499d192251f2cca330a4') in 0.018348 seconds
  Import took 0.022838 seconds .

========================================================================
Received Import Request.
  Time since last request: 4.556003 seconds.
  path: Assets/GUI/Fill Bar 2
  artifactKey: Guid(9fdeee785d04c0f429a9260a60e934f5) Importer(815301076,1909f56bfc062723c751e8b465ee728b)
Start importing Assets/GUI/Fill Bar 2 using Guid(9fdeee785d04c0f429a9260a60e934f5) Importer(815301076,1909f56bfc062723c751e8b465ee728b)  -> (artifact id: 'e95b31f8300153ac36da87c4c5ba551e') in 0.011049 seconds
  Import took 0.014659 seconds .

========================================================================
Received Import Request.
  Time since last request: 0.795049 seconds.
  path: Assets/GUI/Fill Bar 2/2
  artifactKey: Guid(f4bdf9ef9a6269c4ab458551e177b01e) Importer(815301076,1909f56bfc062723c751e8b465ee728b)
Start importing Assets/GUI/Fill Bar 2/2 using Guid(f4bdf9ef9a6269c4ab458551e177b01e) Importer(815301076,1909f56bfc062723c751e8b465ee728b)  -> (artifact id: 'c544f90a5477b673b553f2758dc271d4') in 0.003297 seconds
  Import took 0.009065 seconds .

========================================================================
Received Import Request.
  Time since last request: 0.000660 seconds.
  path: Assets/GUI/Fill Bar 2/2
  artifactKey: Guid(f4bdf9ef9a6269c4ab458551e177b01e) Importer(815301076,1909f56bfc062723c751e8b465ee728b)
Start importing Assets/GUI/Fill Bar 2/2 using Guid(f4bdf9ef9a6269c4ab458551e177b01e) Importer(815301076,1909f56bfc062723c751e8b465ee728b)  -> (artifact id: 'c544f90a5477b673b553f2758dc271d4') in 0.002832 seconds
  Import took 0.007649 seconds .

========================================================================
Received Import Request.
  Time since last request: 0.053278 seconds.
  path: Assets/GUI/Fill Bar 2/2/BG.png
  artifactKey: Guid(bd031746456185545aaf80fe51355659) Importer(815301076,1909f56bfc062723c751e8b465ee728b)
Start importing Assets/GUI/Fill Bar 2/2/BG.png using Guid(bd031746456185545aaf80fe51355659) Importer(815301076,1909f56bfc062723c751e8b465ee728b)  -> (artifact id: '29556f5498a0edff3758658d90dff11f') in 0.014477 seconds
  Import took 0.018701 seconds .

========================================================================
Received Import Request.
  Time since last request: 0.000302 seconds.
  path: Assets/GUI/Fill Bar 2/2/Fill-Bar-2.png
  artifactKey: Guid(c9691ed5c9af5544a8409c9b48f9bb98) Importer(815301076,1909f56bfc062723c751e8b465ee728b)
Start importing Assets/GUI/Fill Bar 2/2/Fill-Bar-2.png using Guid(c9691ed5c9af5544a8409c9b48f9bb98) Importer(815301076,1909f56bfc062723c751e8b465ee728b)  -> (artifact id: '6217bb60153f457448d2c34e25d3b9af') in 0.019440 seconds
  Import took 0.024118 seconds .

========================================================================
Received Import Request.
  Time since last request: 0.000248 seconds.
  path: Assets/GUI/Fill Bar 2/2/Load.png
  artifactKey: Guid(592adf48c9d5ed04587ce1a58ee45457) Importer(815301076,1909f56bfc062723c751e8b465ee728b)
Start importing Assets/GUI/Fill Bar 2/2/Load.png using Guid(592adf48c9d5ed04587ce1a58ee45457) Importer(815301076,1909f56bfc062723c751e8b465ee728b)  -> (artifact id: 'fc1189ef784ad251366be26947b5ad4b') in 0.018547 seconds
  Import took 0.022911 seconds .

========================================================================
Received Import Request.
  Time since last request: 5.805773 seconds.
  path: Assets/GUI/Fill Bar 2/4
  artifactKey: Guid(afa65a1c1fc3f9741bae41e1e775f55e) Importer(815301076,1909f56bfc062723c751e8b465ee728b)
Start importing Assets/GUI/Fill Bar 2/4 using Guid(afa65a1c1fc3f9741bae41e1e775f55e) Importer(815301076,1909f56bfc062723c751e8b465ee728b)  -> (artifact id: 'd6cc79ceea5130994452cf066a5c93ed') in 0.003756 seconds
  Import took 0.009517 seconds .

========================================================================
Received Import Request.
  Time since last request: 0.000975 seconds.
  path: Assets/GUI/Fill Bar 2/4
  artifactKey: Guid(afa65a1c1fc3f9741bae41e1e775f55e) Importer(815301076,1909f56bfc062723c751e8b465ee728b)
Start importing Assets/GUI/Fill Bar 2/4 using Guid(afa65a1c1fc3f9741bae41e1e775f55e) Importer(815301076,1909f56bfc062723c751e8b465ee728b)  -> (artifact id: 'd6cc79ceea5130994452cf066a5c93ed') in 0.002172 seconds
  Import took 0.006343 seconds .

========================================================================
Received Import Request.
  Time since last request: 0.054754 seconds.
  path: Assets/GUI/Fill Bar 2/4/BG.png
  artifactKey: Guid(7c05b8d72533fd14f93dd2b3df0fff99) Importer(815301076,1909f56bfc062723c751e8b465ee728b)
Start importing Assets/GUI/Fill Bar 2/4/BG.png using Guid(7c05b8d72533fd14f93dd2b3df0fff99) Importer(815301076,1909f56bfc062723c751e8b465ee728b)  -> (artifact id: '767c1b53112062e3e1769d4e93419ae7') in 0.007586 seconds
  Import took 0.011158 seconds .

========================================================================
Received Import Request.
  Time since last request: 0.000303 seconds.
  path: Assets/GUI/Fill Bar 2/4/Fill-Bar-4.png
  artifactKey: Guid(614f82b6686cbae4a8fb9cc46883fe4a) Importer(815301076,1909f56bfc062723c751e8b465ee728b)
Start importing Assets/GUI/Fill Bar 2/4/Fill-Bar-4.png using Guid(614f82b6686cbae4a8fb9cc46883fe4a) Importer(815301076,1909f56bfc062723c751e8b465ee728b)  -> (artifact id: '26f40c58c0b2dabc82abad8386c7cbb3') in 0.048204 seconds
  Import took 0.052569 seconds .

========================================================================
Received Import Request.
  Time since last request: 0.000239 seconds.
  path: Assets/GUI/Fill Bar 2/4/Load.png
  artifactKey: Guid(260b7336d217f7849b34112d55116d74) Importer(815301076,1909f56bfc062723c751e8b465ee728b)
Start importing Assets/GUI/Fill Bar 2/4/Load.png using Guid(260b7336d217f7849b34112d55116d74) Importer(815301076,1909f56bfc062723c751e8b465ee728b)  -> (artifact id: '14f14d9fbd33d7dd796160d6703e73d2') in 0.015587 seconds
  Import took 0.019973 seconds .

========================================================================
Received Prepare
Registering precompiled user dll's ...
Registered in 0.001552 seconds.
Begin MonoManager ReloadAssembly
Native extension for WindowsStandalone target not found
Refreshing native plugins compatible for Editor in 0.40 ms, found 1 plugins.
Preloading 0 native plugins for Editor in 0.00 ms.
Mono: successfully reloaded assembly
- Completed reload, in  1.094 seconds
Platform modules already initialized, skipping
Refreshing native plugins compatible for Editor in 0.40 ms, found 1 plugins.
Preloading 0 native plugins for Editor in 0.00 ms.
Unloading 1803 Unused Serialized files (Serialized files now loaded: 0)
System memory in use before: 88.5 MB.
System memory in use after: 88.4 MB.

Unloading 12 unused Assets to reduce memory usage. Loaded Objects now: 2267.
Total: 2.364100 ms (FindLiveObjects: 0.207000 ms CreateObjectMapping: 0.081800 ms MarkObjects: 1.967900 ms  DeleteObjects: 0.105900 ms)

========================================================================
Received Prepare
Registering precompiled user dll's ...
Registered in 0.001892 seconds.
Begin MonoManager ReloadAssembly
Native extension for WindowsStandalone target not found
Refreshing native plugins compatible for Editor in 0.43 ms, found 1 plugins.
Preloading 0 native plugins for Editor in 0.00 ms.
Mono: successfully reloaded assembly
- Completed reload, in  1.252 seconds
Platform modules already initialized, skipping
Refreshing native plugins compatible for Editor in 0.38 ms, found 1 plugins.
Preloading 0 native plugins for Editor in 0.00 ms.
Unloading 1803 Unused Serialized files (Serialized files now loaded: 0)
System memory in use before: 88.5 MB.
System memory in use after: 88.5 MB.

Unloading 12 unused Assets to reduce memory usage. Loaded Objects now: 2271.
Total: 2.302000 ms (FindLiveObjects: 0.199100 ms CreateObjectMapping: 0.061900 ms MarkObjects: 1.925700 ms  DeleteObjects: 0.113900 ms)

========================================================================
Received Prepare
Registering precompiled user dll's ...
Registered in 0.001115 seconds.
Begin MonoManager ReloadAssembly
Native extension for WindowsStandalone target not found
Refreshing native plugins compatible for Editor in 0.42 ms, found 1 plugins.
Preloading 0 native plugins for Editor in 0.00 ms.
Mono: successfully reloaded assembly
- Completed reload, in  1.039 seconds
Platform modules already initialized, skipping
Refreshing native plugins compatible for Editor in 0.38 ms, found 1 plugins.
Preloading 0 native plugins for Editor in 0.00 ms.
Unloading 1803 Unused Serialized files (Serialized files now loaded: 0)
System memory in use before: 88.5 MB.
System memory in use after: 88.5 MB.

Unloading 12 unused Assets to reduce memory usage. Loaded Objects now: 2275.
Total: 2.209700 ms (FindLiveObjects: 0.222000 ms CreateObjectMapping: 0.097500 ms MarkObjects: 1.755300 ms  DeleteObjects: 0.133500 ms)

========================================================================
Received Import Request.
  Time since last request: 575.913644 seconds.
  path: Assets/GUI/Icons
  artifactKey: Guid(89bae1361db59384aa2cdbc5c5015c66) Importer(815301076,1909f56bfc062723c751e8b465ee728b)
Start importing Assets/GUI/Icons using Guid(89bae1361db59384aa2cdbc5c5015c66) Importer(815301076,1909f56bfc062723c751e8b465ee728b)  -> (artifact id: 'f8327a12bccd252e582feddacd8583fb') in 0.012541 seconds
  Import took 0.017629 seconds .

========================================================================
Received Import Request.
  Time since last request: 4.923399 seconds.
  path: Assets/GUI/Icons/Genkani Logo.png
  artifactKey: Guid(1dfd0ecb29d17c54ab01080f6c2f28b1) Importer(815301076,1909f56bfc062723c751e8b465ee728b)
Start importing Assets/GUI/Icons/Genkani Logo.png using Guid(1dfd0ecb29d17c54ab01080f6c2f28b1) Importer(815301076,1909f56bfc062723c751e8b465ee728b)  -> (artifact id: 'a634e77a8cab12ab61ceeee732b118d5') in 0.070235 seconds
  Import took 0.074472 seconds .

========================================================================
Received Prepare
Registering precompiled user dll's ...
Registered in 0.001546 seconds.
Begin MonoManager ReloadAssembly
Native extension for WindowsStandalone target not found
Refreshing native plugins compatible for Editor in 0.61 ms, found 1 plugins.
Preloading 0 native plugins for Editor in 0.00 ms.
Mono: successfully reloaded assembly
- Completed reload, in  1.069 seconds
Platform modules already initialized, skipping
Refreshing native plugins compatible for Editor in 0.51 ms, found 1 plugins.
Preloading 0 native plugins for Editor in 0.00 ms.
Unloading 1803 Unused Serialized files (Serialized files now loaded: 0)
System memory in use before: 88.5 MB.
System memory in use after: 88.5 MB.

Unloading 12 unused Assets to reduce memory usage. Loaded Objects now: 2282.
Total: 2.239400 ms (FindLiveObjects: 0.188600 ms CreateObjectMapping: 0.064600 ms MarkObjects: 1.866900 ms  DeleteObjects: 0.117700 ms)

========================================================================
Received Prepare
Registering precompiled user dll's ...
Registered in 0.001853 seconds.
Begin MonoManager ReloadAssembly
Native extension for WindowsStandalone target not found
Refreshing native plugins compatible for Editor in 0.43 ms, found 1 plugins.
Preloading 0 native plugins for Editor in 0.00 ms.
Mono: successfully reloaded assembly
- Completed reload, in  1.011 seconds
Platform modules already initialized, skipping
Refreshing native plugins compatible for Editor in 0.74 ms, found 1 plugins.
Preloading 0 native plugins for Editor in 0.00 ms.
Unloading 1803 Unused Serialized files (Serialized files now loaded: 0)
System memory in use before: 88.6 MB.
System memory in use after: 88.6 MB.

Unloading 12 unused Assets to reduce memory usage. Loaded Objects now: 2286.
Total: 2.488900 ms (FindLiveObjects: 0.195600 ms CreateObjectMapping: 0.059400 ms MarkObjects: 2.110900 ms  DeleteObjects: 0.121700 ms)

========================================================================
Received Prepare
Registering precompiled user dll's ...
Registered in 0.002090 seconds.
Begin MonoManager ReloadAssembly
Native extension for WindowsStandalone target not found
Refreshing native plugins compatible for Editor in 0.51 ms, found 1 plugins.
Preloading 0 native plugins for Editor in 0.00 ms.
Mono: successfully reloaded assembly
- Completed reload, in  1.866 seconds
Platform modules already initialized, skipping
Refreshing native plugins compatible for Editor in 0.49 ms, found 1 plugins.
Preloading 0 native plugins for Editor in 0.00 ms.
Unloading 1803 Unused Serialized files (Serialized files now loaded: 0)
System memory in use before: 88.6 MB.
System memory in use after: 88.6 MB.

Unloading 12 unused Assets to reduce memory usage. Loaded Objects now: 2290.
Total: 4.160900 ms (FindLiveObjects: 0.335400 ms CreateObjectMapping: 0.140800 ms MarkObjects: 3.558100 ms  DeleteObjects: 0.124100 ms)

========================================================================
Received Prepare
Registering precompiled user dll's ...
Registered in 0.001233 seconds.
Begin MonoManager ReloadAssembly
Native extension for WindowsStandalone target not found
Refreshing native plugins compatible for Editor in 0.39 ms, found 1 plugins.
Preloading 0 native plugins for Editor in 0.00 ms.
Mono: successfully reloaded assembly
- Completed reload, in  0.970 seconds
Platform modules already initialized, skipping
Refreshing native plugins compatible for Editor in 0.37 ms, found 1 plugins.
Preloading 0 native plugins for Editor in 0.00 ms.
Unloading 1803 Unused Serialized files (Serialized files now loaded: 0)
System memory in use before: 88.6 MB.
System memory in use after: 88.6 MB.

Unloading 12 unused Assets to reduce memory usage. Loaded Objects now: 2294.
Total: 2.533300 ms (FindLiveObjects: 0.216900 ms CreateObjectMapping: 0.094400 ms MarkObjects: 2.099200 ms  DeleteObjects: 0.121400 ms)

========================================================================
Received Prepare
Registering precompiled user dll's ...
Registered in 0.001827 seconds.
Begin MonoManager ReloadAssembly
Native extension for WindowsStandalone target not found
Refreshing native plugins compatible for Editor in 0.50 ms, found 1 plugins.
Preloading 0 native plugins for Editor in 0.00 ms.
Mono: successfully reloaded assembly
- Completed reload, in  1.710 seconds
Platform modules already initialized, skipping
Refreshing native plugins compatible for Editor in 0.66 ms, found 1 plugins.
Preloading 0 native plugins for Editor in 0.00 ms.
Unloading 1803 Unused Serialized files (Serialized files now loaded: 0)
System memory in use before: 88.6 MB.
System memory in use after: 88.6 MB.

Unloading 12 unused Assets to reduce memory usage. Loaded Objects now: 2298.
Total: 3.121400 ms (FindLiveObjects: 0.240400 ms CreateObjectMapping: 0.091800 ms MarkObjects: 2.466000 ms  DeleteObjects: 0.320900 ms)

========================================================================
Received Prepare
Registering precompiled user dll's ...
Registered in 0.002193 seconds.
Begin MonoManager ReloadAssembly
Native extension for WindowsStandalone target not found
Refreshing native plugins compatible for Editor in 0.68 ms, found 1 plugins.
Preloading 0 native plugins for Editor in 0.00 ms.
Mono: successfully reloaded assembly
- Completed reload, in  1.339 seconds
Platform modules already initialized, skipping
Refreshing native plugins compatible for Editor in 0.49 ms, found 1 plugins.
Preloading 0 native plugins for Editor in 0.00 ms.
Unloading 1803 Unused Serialized files (Serialized files now loaded: 0)
System memory in use before: 88.6 MB.
System memory in use after: 88.6 MB.

Unloading 12 unused Assets to reduce memory usage. Loaded Objects now: 2302.
Total: 2.256300 ms (FindLiveObjects: 0.183500 ms CreateObjectMapping: 0.073500 ms MarkObjects: 1.880300 ms  DeleteObjects: 0.117800 ms)

========================================================================
Received Prepare
Registering precompiled user dll's ...
Registered in 0.001494 seconds.
Begin MonoManager ReloadAssembly
Native extension for WindowsStandalone target not found
Refreshing native plugins compatible for Editor in 0.63 ms, found 1 plugins.
Preloading 0 native plugins for Editor in 0.00 ms.
Mono: successfully reloaded assembly
- Completed reload, in  1.361 seconds
Platform modules already initialized, skipping
Refreshing native plugins compatible for Editor in 0.40 ms, found 1 plugins.
Preloading 0 native plugins for Editor in 0.00 ms.
Unloading 1803 Unused Serialized files (Serialized files now loaded: 0)
System memory in use before: 88.6 MB.
System memory in use after: 88.6 MB.

Unloading 12 unused Assets to reduce memory usage. Loaded Objects now: 2306.
Total: 2.376000 ms (FindLiveObjects: 0.209800 ms CreateObjectMapping: 0.066500 ms MarkObjects: 1.978600 ms  DeleteObjects: 0.120000 ms)

========================================================================
Received Prepare
Registering precompiled user dll's ...
Registered in 0.001964 seconds.
Begin MonoManager ReloadAssembly
Native extension for WindowsStandalone target not found
Refreshing native plugins compatible for Editor in 0.42 ms, found 1 plugins.
Preloading 0 native plugins for Editor in 0.00 ms.
Mono: successfully reloaded assembly
- Completed reload, in  1.076 seconds
Platform modules already initialized, skipping
Refreshing native plugins compatible for Editor in 0.38 ms, found 1 plugins.
Preloading 0 native plugins for Editor in 0.00 ms.
Unloading 1803 Unused Serialized files (Serialized files now loaded: 0)
System memory in use before: 88.6 MB.
System memory in use after: 88.6 MB.

Unloading 12 unused Assets to reduce memory usage. Loaded Objects now: 2310.
Total: 2.243400 ms (FindLiveObjects: 0.221200 ms CreateObjectMapping: 0.086700 ms MarkObjects: 1.824200 ms  DeleteObjects: 0.110200 ms)

========================================================================
Received Prepare
Registering precompiled user dll's ...
Registered in 0.003806 seconds.
Begin MonoManager ReloadAssembly
Native extension for WindowsStandalone target not found
Refreshing native plugins compatible for Editor in 0.41 ms, found 1 plugins.
Preloading 0 native plugins for Editor in 0.00 ms.
Mono: successfully reloaded assembly
- Completed reload, in  1.489 seconds
Platform modules already initialized, skipping
Refreshing native plugins compatible for Editor in 0.40 ms, found 1 plugins.
Preloading 0 native plugins for Editor in 0.00 ms.
Unloading 1803 Unused Serialized files (Serialized files now loaded: 0)
System memory in use before: 88.7 MB.
System memory in use after: 88.6 MB.

Unloading 12 unused Assets to reduce memory usage. Loaded Objects now: 2314.
Total: 2.257900 ms (FindLiveObjects: 0.199200 ms CreateObjectMapping: 0.078900 ms MarkObjects: 1.865700 ms  DeleteObjects: 0.112800 ms)

========================================================================
Received Prepare
Registering precompiled user dll's ...
Registered in 0.001119 seconds.
Begin MonoManager ReloadAssembly
Native extension for WindowsStandalone target not found
Refreshing native plugins compatible for Editor in 0.61 ms, found 1 plugins.
Preloading 0 native plugins for Editor in 0.00 ms.
Mono: successfully reloaded assembly
- Completed reload, in  1.153 seconds
Platform modules already initialized, skipping
Refreshing native plugins compatible for Editor in 0.39 ms, found 1 plugins.
Preloading 0 native plugins for Editor in 0.00 ms.
Unloading 1803 Unused Serialized files (Serialized files now loaded: 0)
System memory in use before: 88.7 MB.
System memory in use after: 88.6 MB.

Unloading 12 unused Assets to reduce memory usage. Loaded Objects now: 2318.
Total: 2.356700 ms (FindLiveObjects: 0.209500 ms CreateObjectMapping: 0.082400 ms MarkObjects: 1.935600 ms  DeleteObjects: 0.127500 ms)

========================================================================
Received Prepare
Registering precompiled user dll's ...
Registered in 0.001254 seconds.
Begin MonoManager ReloadAssembly
Native extension for WindowsStandalone target not found
Refreshing native plugins compatible for Editor in 0.39 ms, found 1 plugins.
Preloading 0 native plugins for Editor in 0.00 ms.
Mono: successfully reloaded assembly
- Completed reload, in  1.272 seconds
Platform modules already initialized, skipping
Refreshing native plugins compatible for Editor in 0.46 ms, found 1 plugins.
Preloading 0 native plugins for Editor in 0.00 ms.
Unloading 1803 Unused Serialized files (Serialized files now loaded: 0)
System memory in use before: 88.7 MB.
System memory in use after: 88.7 MB.

Unloading 12 unused Assets to reduce memory usage. Loaded Objects now: 2322.
Total: 2.581200 ms (FindLiveObjects: 0.232800 ms CreateObjectMapping: 0.118900 ms MarkObjects: 2.114600 ms  DeleteObjects: 0.113400 ms)

AssetImportWorkerClient::OnTransportError - code=2 error=End of file
