Using pre-set license
Built from '2020.3/staging' branch; Version is '2020.3.8f1 (507919d4fff5) revision 5273881'; Using compiler version '192528614'; Build Type 'Release'
OS: 'Windows 10 Pro; OS build 19042.1052; Version 2009; 64bit' Language: 'pt' Physical Memory: 8145 MB
BatchMode: 1, IsHumanControllingUs: 0, StartBugReporterOnCrash: 0, Is64bit: 1, IsPro: 0

 COMMAND LINE ARGUMENTS:
C:\Program Files\Unity\Hub\Editor\2020.3.8f1\Editor\Unity.exe
-adb2
-batchMode
-noUpm
-name
AssetImportWorker0
-projectPath
C:/Users/lucas/Documents/Projetos Pessoais/Unity/Dungeongrama Proto
-logFile
Logs/AssetImportWorker0.log
-srvPort
51038
Successfully changed project path to: C:/Users/lucas/Documents/Projetos Pessoais/Unity/Dungeongrama Proto
C:/Users/lucas/Documents/Projetos Pessoais/Unity/Dungeongrama Proto
Using Asset Import Pipeline V2.
Refreshing native plugins compatible for Editor in 54.54 ms, found 1 plugins.
Preloading 0 native plugins for Editor in 0.00 ms.
Initialize engine version: 2020.3.8f1 (507919d4fff5)
[Subsystems] Discovering subsystems at path C:/Program Files/Unity/Hub/Editor/2020.3.8f1/Editor/Data/Resources/UnitySubsystems
[Subsystems] Discovering subsystems at path C:/Users/lucas/Documents/Projetos Pessoais/Unity/Dungeongrama Proto/Assets
GfxDevice: creating device client; threaded=0
Direct3D:
    Version:  Direct3D 11.0 [level 11.1]
    Renderer: NVIDIA GeForce GT 1030 (ID=0x1d01)
    Vendor:   
    VRAM:     1982 MB
    Driver:   27.21.14.5671
Initialize mono
Mono path[0] = 'C:/Program Files/Unity/Hub/Editor/2020.3.8f1/Editor/Data/Managed'
Mono path[1] = 'C:/Program Files/Unity/Hub/Editor/2020.3.8f1/Editor/Data/MonoBleedingEdge/lib/mono/unityjit'
Mono config path = 'C:/Program Files/Unity/Hub/Editor/2020.3.8f1/Editor/Data/MonoBleedingEdge/etc'
Using monoOptions --debugger-agent=transport=dt_socket,embedding=1,server=y,suspend=n,address=127.0.0.1:56656
Begin MonoManager ReloadAssembly
Registering precompiled unity dll's ...
Register platform support module: C:/Program Files/Unity/Hub/Editor/2020.3.8f1/Editor/Data/PlaybackEngines/WindowsStandaloneSupport/UnityEditor.WindowsStandalone.Extensions.dll
Registered in 0.005103 seconds.
Native extension for WindowsStandalone target not found
Refreshing native plugins compatible for Editor in 93.83 ms, found 1 plugins.
Preloading 0 native plugins for Editor in 0.00 ms.
Mono: successfully reloaded assembly
- Completed reload, in  2.530 seconds
Platform modules already initialized, skipping
Registering precompiled user dll's ...
Registered in 0.002477 seconds.
Begin MonoManager ReloadAssembly
Native extension for WindowsStandalone target not found
Refreshing native plugins compatible for Editor in 136.71 ms, found 1 plugins.
Preloading 0 native plugins for Editor in 0.00 ms.
Mono: successfully reloaded assembly
- Completed reload, in  2.638 seconds
Platform modules already initialized, skipping
========================================================================
Worker process is ready to serve import requests
Launched and connected shader compiler UnityShaderCompiler.exe after 0.06 seconds
Refreshing native plugins compatible for Editor in 0.73 ms, found 1 plugins.
Preloading 0 native plugins for Editor in 0.00 ms.
Unloading 1808 Unused Serialized files (Serialized files now loaded: 0)
System memory in use before: 84.9 MB.
System memory in use after: 84.9 MB.

Unloading 24 unused Assets to reduce memory usage. Loaded Objects now: 2250.
Total: 2.738900 ms (FindLiveObjects: 0.321900 ms CreateObjectMapping: 0.144100 ms MarkObjects: 2.130400 ms  DeleteObjects: 0.141000 ms)

========================================================================
Received Import Request.
  path: Assets/RockyWorld/background1.png
  artifactKey: Guid(44330770cc81c274b9c1d071aa525a19) Importer(815301076,1909f56bfc062723c751e8b465ee728b)
Start importing Assets/RockyWorld/background1.png using Guid(44330770cc81c274b9c1d071aa525a19) Importer(815301076,1909f56bfc062723c751e8b465ee728b)  -> (artifact id: 'baed657a4d11ea8946c1ed06ea8c3cce') in 0.196431 seconds
  Import took 0.200230 seconds .

========================================================================
Received Import Request.
  Time since last request: 0.000230 seconds.
  path: Assets/RockyWorld/main_lev_build.png
  artifactKey: Guid(7b98e6bc6b8ddaf41acc635a11dc0076) Importer(815301076,1909f56bfc062723c751e8b465ee728b)
Start importing Assets/RockyWorld/main_lev_build.png using Guid(7b98e6bc6b8ddaf41acc635a11dc0076) Importer(815301076,1909f56bfc062723c751e8b465ee728b)  -> (artifact id: 'd0121bd785e82ae5598dbe0f60517334') in 0.039758 seconds
  Import took 0.045804 seconds .

========================================================================
Received Import Request.
  Time since last request: 0.000232 seconds.
  path: Assets/RockyWorld
  artifactKey: Guid(7f68857b1a7aa7d4f872861a329971cd) Importer(815301076,1909f56bfc062723c751e8b465ee728b)
Start importing Assets/RockyWorld using Guid(7f68857b1a7aa7d4f872861a329971cd) Importer(815301076,1909f56bfc062723c751e8b465ee728b)  -> (artifact id: 'a40dbed4501ee02639eac2e42d4dcdb2') in 0.009985 seconds
  Import took 0.014099 seconds .

========================================================================
Received Import Request.
  Time since last request: 0.000228 seconds.
  path: Assets/RockyWorld/background2.png
  artifactKey: Guid(c554faeacaf8ec441bc7120f822bd229) Importer(815301076,1909f56bfc062723c751e8b465ee728b)
Start importing Assets/RockyWorld/background2.png using Guid(c554faeacaf8ec441bc7120f822bd229) Importer(815301076,1909f56bfc062723c751e8b465ee728b)  -> (artifact id: '1c626a6fbf999461f7afc213f840ba4d') in 0.025949 seconds
  Import took 0.032142 seconds .

========================================================================
Received Import Request.
  Time since last request: 0.000246 seconds.
  path: Assets/RockyWorld/other_lev_build.png
  artifactKey: Guid(dbf409b6de656f84d8290f8078304b97) Importer(815301076,1909f56bfc062723c751e8b465ee728b)
Start importing Assets/RockyWorld/other_lev_build.png using Guid(dbf409b6de656f84d8290f8078304b97) Importer(815301076,1909f56bfc062723c751e8b465ee728b)  -> (artifact id: '3d01f6e3368d80fe8764a1c351484084') in 0.031997 seconds
  Import took 0.037424 seconds .

========================================================================
Received Import Request.
  Time since last request: 0.000303 seconds.
  path: Assets/RockyWorld/background3.png
  artifactKey: Guid(5d3e71112be2fd44f9c37c93cdfd5c31) Importer(815301076,1909f56bfc062723c751e8b465ee728b)
Start importing Assets/RockyWorld/background3.png using Guid(5d3e71112be2fd44f9c37c93cdfd5c31) Importer(815301076,1909f56bfc062723c751e8b465ee728b)  -> (artifact id: 'ca6f6e80da613c3548afd6fb09e110b7') in 0.032162 seconds
  Import took 0.037119 seconds .

========================================================================
Received Import Request.
  Time since last request: 2.288760 seconds.
  path: Assets/RockyWorld/Sprites
  artifactKey: Guid(6c2cef83994e95946a3b0351f11abbce) Importer(815301076,1909f56bfc062723c751e8b465ee728b)
Start importing Assets/RockyWorld/Sprites using Guid(6c2cef83994e95946a3b0351f11abbce) Importer(815301076,1909f56bfc062723c751e8b465ee728b)  -> (artifact id: '90a038a54c82acd57451e01c6f8dd905') in 0.025198 seconds
  Import took 0.033908 seconds .

========================================================================
Received Import Request.
  Time since last request: 1.039754 seconds.
  path: Assets/RockyWorld/Gui
  artifactKey: Guid(e4881b4c6a7dbcb469587fcefc95a71e) Importer(815301076,1909f56bfc062723c751e8b465ee728b)
Start importing Assets/RockyWorld/Gui using Guid(e4881b4c6a7dbcb469587fcefc95a71e) Importer(815301076,1909f56bfc062723c751e8b465ee728b)  -> (artifact id: 'e07738c9b9b4db6cd6af397997bd3815') in 0.018888 seconds
  Import took 0.026147 seconds .

========================================================================
Received Import Request.
  Time since last request: 0.050654 seconds.
  path: Assets/RockyWorld/Gui/Gui.png
  artifactKey: Guid(889951e9407ea0a4f85b0a60c639cf6b) Importer(815301076,1909f56bfc062723c751e8b465ee728b)
Start importing Assets/RockyWorld/Gui/Gui.png using Guid(889951e9407ea0a4f85b0a60c639cf6b) Importer(815301076,1909f56bfc062723c751e8b465ee728b)  -> (artifact id: '4dd7032b29ee6cf01f0240d0056f7f7e') in 0.020372 seconds
  Import took 0.025977 seconds .

========================================================================
Received Import Request.
  Time since last request: 5.639137 seconds.
  path: Assets/RockyWorld/Collectible
  artifactKey: Guid(239cf67d3a8af1a4f9f93a0a92c4f89f) Importer(815301076,1909f56bfc062723c751e8b465ee728b)
Start importing Assets/RockyWorld/Collectible using Guid(239cf67d3a8af1a4f9f93a0a92c4f89f) Importer(815301076,1909f56bfc062723c751e8b465ee728b)  -> (artifact id: '170512fd3b97e4115e9013594c3e779b') in 0.010728 seconds
  Import took 0.017559 seconds .

========================================================================
Received Import Request.
  Time since last request: 0.004882 seconds.
  path: Assets/RockyWorld/Collectible
  artifactKey: Guid(239cf67d3a8af1a4f9f93a0a92c4f89f) Importer(815301076,1909f56bfc062723c751e8b465ee728b)
Start importing Assets/RockyWorld/Collectible using Guid(239cf67d3a8af1a4f9f93a0a92c4f89f) Importer(815301076,1909f56bfc062723c751e8b465ee728b)  -> (artifact id: '170512fd3b97e4115e9013594c3e779b') in 0.004941 seconds
  Import took 0.011695 seconds .

========================================================================
Received Import Request.
  Time since last request: 0.033426 seconds.
  path: Assets/RockyWorld/Collectible/dagger01.png
  artifactKey: Guid(997fbc98f8eb96e409cb04b3e2cfbde4) Importer(815301076,1909f56bfc062723c751e8b465ee728b)
Start importing Assets/RockyWorld/Collectible/dagger01.png using Guid(997fbc98f8eb96e409cb04b3e2cfbde4) Importer(815301076,1909f56bfc062723c751e8b465ee728b)  -> (artifact id: '3678e6f68e2d9ac148a78d92c550fc4e') in 0.018260 seconds
  Import took 0.023661 seconds .

========================================================================
Received Import Request.
  Time since last request: 0.000214 seconds.
  path: Assets/RockyWorld/Collectible/diamond_small05.png
  artifactKey: Guid(712aa187f43a08c4fb91519d4f5542bf) Importer(815301076,1909f56bfc062723c751e8b465ee728b)
Start importing Assets/RockyWorld/Collectible/diamond_small05.png using Guid(712aa187f43a08c4fb91519d4f5542bf) Importer(815301076,1909f56bfc062723c751e8b465ee728b)  -> (artifact id: 'fab41883afd01e8c2d7aa4f95cac83ba') in 0.021489 seconds
  Import took 0.025435 seconds .

========================================================================
Received Import Request.
  Time since last request: 0.000199 seconds.
  path: Assets/RockyWorld/Collectible/heart05.png
  artifactKey: Guid(5ffb421aeaf64fb459f068c8461d12d1) Importer(815301076,1909f56bfc062723c751e8b465ee728b)
Start importing Assets/RockyWorld/Collectible/heart05.png using Guid(5ffb421aeaf64fb459f068c8461d12d1) Importer(815301076,1909f56bfc062723c751e8b465ee728b)  -> (artifact id: 'daa470bac615728433bd8e870e0d35de') in 0.023853 seconds
  Import took 0.028426 seconds .

========================================================================
Received Import Request.
  Time since last request: 0.000215 seconds.
  path: Assets/RockyWorld/Collectible/diamond_big_06.png
  artifactKey: Guid(c7a92e72f5e768440b16781bbf2f0714) Importer(815301076,1909f56bfc062723c751e8b465ee728b)
Start importing Assets/RockyWorld/Collectible/diamond_big_06.png using Guid(c7a92e72f5e768440b16781bbf2f0714) Importer(815301076,1909f56bfc062723c751e8b465ee728b)  -> (artifact id: '354ddc8a7c5bbdc02f840757154d4c34') in 0.024595 seconds
  Import took 0.028907 seconds .

========================================================================
Received Import Request.
  Time since last request: 0.000207 seconds.
  path: Assets/RockyWorld/Collectible/dagger02.png
  artifactKey: Guid(37ef93b5f19573b4698a4b1b93a73003) Importer(815301076,1909f56bfc062723c751e8b465ee728b)
Start importing Assets/RockyWorld/Collectible/dagger02.png using Guid(37ef93b5f19573b4698a4b1b93a73003) Importer(815301076,1909f56bfc062723c751e8b465ee728b)  -> (artifact id: 'e0251daddab73ba7797d2cb98b3fd777') in 0.019504 seconds
  Import took 0.025645 seconds .

========================================================================
Received Import Request.
  Time since last request: 0.000244 seconds.
  path: Assets/RockyWorld/Collectible/diamond_big_01.png
  artifactKey: Guid(063624461e0b0dd4e99552fa4e58ebfb) Importer(815301076,1909f56bfc062723c751e8b465ee728b)
Start importing Assets/RockyWorld/Collectible/diamond_big_01.png using Guid(063624461e0b0dd4e99552fa4e58ebfb) Importer(815301076,1909f56bfc062723c751e8b465ee728b)  -> (artifact id: '5219f6795925b9caf0d0e5941e68f108') in 0.020825 seconds
  Import took 0.024564 seconds .

========================================================================
Received Import Request.
  Time since last request: 0.000209 seconds.
  path: Assets/RockyWorld/Collectible/heart04.png
  artifactKey: Guid(0e8ec85d4bccdc3469ef1fb9fb3eba9c) Importer(815301076,1909f56bfc062723c751e8b465ee728b)
Start importing Assets/RockyWorld/Collectible/heart04.png using Guid(0e8ec85d4bccdc3469ef1fb9fb3eba9c) Importer(815301076,1909f56bfc062723c751e8b465ee728b)  -> (artifact id: '3c4c1ca0a98d4b215cf385fa1b6aba38') in 0.022802 seconds
  Import took 0.026747 seconds .

========================================================================
Received Import Request.
  Time since last request: 0.000219 seconds.
  path: Assets/RockyWorld/Collectible/diamond_big.png
  artifactKey: Guid(f619e92844e534f4ab5a65e23fe9d9d8) Importer(815301076,1909f56bfc062723c751e8b465ee728b)
Start importing Assets/RockyWorld/Collectible/diamond_big.png using Guid(f619e92844e534f4ab5a65e23fe9d9d8) Importer(815301076,1909f56bfc062723c751e8b465ee728b)  -> (artifact id: '5c3c1b7e6634087b2d48acbf6d9bc390') in 0.024700 seconds
  Import took 0.029821 seconds .

========================================================================
Received Import Request.
  Time since last request: 0.000270 seconds.
  path: Assets/RockyWorld/Collectible/diamond_small04.png
  artifactKey: Guid(58b4fa4819c36c142a2a1d58a9d21c38) Importer(815301076,1909f56bfc062723c751e8b465ee728b)
Start importing Assets/RockyWorld/Collectible/diamond_small04.png using Guid(58b4fa4819c36c142a2a1d58a9d21c38) Importer(815301076,1909f56bfc062723c751e8b465ee728b)  -> (artifact id: 'c100d686e4995e5639b92dcf964f6cac') in 0.027286 seconds
  Import took 0.031666 seconds .

========================================================================
Received Import Request.
  Time since last request: 0.000274 seconds.
  path: Assets/RockyWorld/Collectible/heart06.png
  artifactKey: Guid(fb30bc15ae2863743b57c872661dd470) Importer(815301076,1909f56bfc062723c751e8b465ee728b)
Start importing Assets/RockyWorld/Collectible/heart06.png using Guid(fb30bc15ae2863743b57c872661dd470) Importer(815301076,1909f56bfc062723c751e8b465ee728b)  -> (artifact id: 'dfdc579e0199067248df3b094afbc9b6') in 0.022012 seconds
  Import took 0.027390 seconds .

========================================================================
Received Import Request.
  Time since last request: 0.000204 seconds.
  path: Assets/RockyWorld/Collectible/dagger06.png
  artifactKey: Guid(bf46493ed1936d641bc95c9409477891) Importer(815301076,1909f56bfc062723c751e8b465ee728b)
Start importing Assets/RockyWorld/Collectible/dagger06.png using Guid(bf46493ed1936d641bc95c9409477891) Importer(815301076,1909f56bfc062723c751e8b465ee728b)  -> (artifact id: '28029232ebdba3838481e4eb51a43673') in 0.020932 seconds
  Import took 0.026964 seconds .

========================================================================
Received Import Request.
  Time since last request: 0.000245 seconds.
  path: Assets/RockyWorld/Collectible/dagger05.png
  artifactKey: Guid(1219618d65a3d744abd09dae16780a77) Importer(815301076,1909f56bfc062723c751e8b465ee728b)
Start importing Assets/RockyWorld/Collectible/dagger05.png using Guid(1219618d65a3d744abd09dae16780a77) Importer(815301076,1909f56bfc062723c751e8b465ee728b)  -> (artifact id: 'd9f8f52a9dd080975a0f252b41d307ac') in 0.018396 seconds
  Import took 0.023636 seconds .

========================================================================
Received Import Request.
  Time since last request: 0.000193 seconds.
  path: Assets/RockyWorld/Collectible/dagger08.png
  artifactKey: Guid(df8f365ca75215c4392db0c93d03888b) Importer(815301076,1909f56bfc062723c751e8b465ee728b)
Start importing Assets/RockyWorld/Collectible/dagger08.png using Guid(df8f365ca75215c4392db0c93d03888b) Importer(815301076,1909f56bfc062723c751e8b465ee728b)  -> (artifact id: 'd1c2d3376a342ae7fde1635a61fbdd96') in 0.022293 seconds
  Import took 0.027780 seconds .

========================================================================
Received Import Request.
  Time since last request: 0.000191 seconds.
  path: Assets/RockyWorld/Collectible/dagger03.png
  artifactKey: Guid(4c457800174ece24ea2c7342bff928d2) Importer(815301076,1909f56bfc062723c751e8b465ee728b)
Start importing Assets/RockyWorld/Collectible/dagger03.png using Guid(4c457800174ece24ea2c7342bff928d2) Importer(815301076,1909f56bfc062723c751e8b465ee728b)  -> (artifact id: 'f996830c03c2f04aaa24ecfc734f6454') in 0.018324 seconds
  Import took 0.024664 seconds .

========================================================================
Received Import Request.
  Time since last request: 0.000578 seconds.
  path: Assets/RockyWorld/Collectible/diamond_small.png
  artifactKey: Guid(4f61beacbefc50c43a40af5ca1e90ed8) Importer(815301076,1909f56bfc062723c751e8b465ee728b)
Start importing Assets/RockyWorld/Collectible/diamond_small.png using Guid(4f61beacbefc50c43a40af5ca1e90ed8) Importer(815301076,1909f56bfc062723c751e8b465ee728b)  -> (artifact id: '20d368a997b5dac250eb07b63a4a79b9') in 0.034873 seconds
  Import took 0.040943 seconds .

========================================================================
Received Import Request.
  Time since last request: 0.000242 seconds.
  path: Assets/RockyWorld/Collectible/diamond_big_05.png
  artifactKey: Guid(657d546b3e88dbc429fa96ccf4921130) Importer(815301076,1909f56bfc062723c751e8b465ee728b)
Start importing Assets/RockyWorld/Collectible/diamond_big_05.png using Guid(657d546b3e88dbc429fa96ccf4921130) Importer(815301076,1909f56bfc062723c751e8b465ee728b)  -> (artifact id: '657d351478bb6098b165909f70f77187') in 0.044795 seconds
  Import took 0.052755 seconds .

========================================================================
Received Import Request.
  Time since last request: 0.000346 seconds.
  path: Assets/RockyWorld/Collectible/diamond_big_04.png
  artifactKey: Guid(3994a3efda00bde43b8ab8dcac8bc20b) Importer(815301076,1909f56bfc062723c751e8b465ee728b)
Start importing Assets/RockyWorld/Collectible/diamond_big_04.png using Guid(3994a3efda00bde43b8ab8dcac8bc20b) Importer(815301076,1909f56bfc062723c751e8b465ee728b)  -> (artifact id: 'ba01645635f784192ff91c72e3a5cc45') in 0.035404 seconds
  Import took 0.042074 seconds .

========================================================================
Received Import Request.
  Time since last request: 0.000289 seconds.
  path: Assets/RockyWorld/Collectible/diamond_big_02.png
  artifactKey: Guid(e37e2b2995f988d4ea7e9c16e11a4710) Importer(815301076,1909f56bfc062723c751e8b465ee728b)
Start importing Assets/RockyWorld/Collectible/diamond_big_02.png using Guid(e37e2b2995f988d4ea7e9c16e11a4710) Importer(815301076,1909f56bfc062723c751e8b465ee728b)  -> (artifact id: '0188fe2dd25163ab3d7bb0b0f0bdabd7') in 0.027979 seconds
  Import took 0.034373 seconds .

========================================================================
Received Import Request.
  Time since last request: 0.000260 seconds.
  path: Assets/RockyWorld/Collectible/heart03.png
  artifactKey: Guid(1342c3d902ac2d54ab794d079effe897) Importer(815301076,1909f56bfc062723c751e8b465ee728b)
Start importing Assets/RockyWorld/Collectible/heart03.png using Guid(1342c3d902ac2d54ab794d079effe897) Importer(815301076,1909f56bfc062723c751e8b465ee728b)  -> (artifact id: '717303e23d520d4d24ad5b9084bb3479') in 0.025713 seconds
  Import took 0.030791 seconds .

========================================================================
Received Import Request.
  Time since last request: 0.000262 seconds.
  path: Assets/RockyWorld/Collectible/diamond_big_03.png
  artifactKey: Guid(77029d18a2886b441a6a888ae5eb4594) Importer(815301076,1909f56bfc062723c751e8b465ee728b)
Start importing Assets/RockyWorld/Collectible/diamond_big_03.png using Guid(77029d18a2886b441a6a888ae5eb4594) Importer(815301076,1909f56bfc062723c751e8b465ee728b)  -> (artifact id: '79fd3d6e6fd84baf66376469ff4740a4') in 0.040126 seconds
  Import took 0.050411 seconds .

========================================================================
Received Import Request.
  Time since last request: 0.000356 seconds.
  path: Assets/RockyWorld/Collectible/diamond_small01.png
  artifactKey: Guid(0a7e98034829d214bba821cc72ef7f38) Importer(815301076,1909f56bfc062723c751e8b465ee728b)
Start importing Assets/RockyWorld/Collectible/diamond_small01.png using Guid(0a7e98034829d214bba821cc72ef7f38) Importer(815301076,1909f56bfc062723c751e8b465ee728b)  -> (artifact id: 'cbbca62e3af6cd3e6a477937728cbf81') in 0.023217 seconds
  Import took 0.033776 seconds .

========================================================================
Received Import Request.
  Time since last request: 0.000441 seconds.
  path: Assets/RockyWorld/Collectible/heart02.png
  artifactKey: Guid(fb6b46b5b7fb8c14cb2db7a3183fea92) Importer(815301076,1909f56bfc062723c751e8b465ee728b)
Start importing Assets/RockyWorld/Collectible/heart02.png using Guid(fb6b46b5b7fb8c14cb2db7a3183fea92) Importer(815301076,1909f56bfc062723c751e8b465ee728b)  -> (artifact id: 'd882542af0ed3bb899d34697a4e76982') in 0.030899 seconds
  Import took 0.037213 seconds .

========================================================================
Received Import Request.
  Time since last request: 0.000232 seconds.
  path: Assets/RockyWorld/Collectible/dagger07.png
  artifactKey: Guid(7afaa0d3158bcd143b53f18e25977432) Importer(815301076,1909f56bfc062723c751e8b465ee728b)
Start importing Assets/RockyWorld/Collectible/dagger07.png using Guid(7afaa0d3158bcd143b53f18e25977432) Importer(815301076,1909f56bfc062723c751e8b465ee728b)  -> (artifact id: 'e9905b22355e39e00128791de4f138a0') in 0.043304 seconds
  Import took 0.050635 seconds .

========================================================================
Received Import Request.
  Time since last request: 0.000348 seconds.
  path: Assets/RockyWorld/Collectible/diamond_small02.png
  artifactKey: Guid(943641d0d8121bb41a6b66c10ae0d2f8) Importer(815301076,1909f56bfc062723c751e8b465ee728b)
Start importing Assets/RockyWorld/Collectible/diamond_small02.png using Guid(943641d0d8121bb41a6b66c10ae0d2f8) Importer(815301076,1909f56bfc062723c751e8b465ee728b)  -> (artifact id: '3a3d5d2cf4361e9db3a345d6fc46cb3e') in 0.040154 seconds
  Import took 0.048027 seconds .

========================================================================
Received Import Request.
  Time since last request: 0.001124 seconds.
  path: Assets/RockyWorld/Collectible/heart01.png
  artifactKey: Guid(9bda7e894091f14409ee8c6094b101e9) Importer(815301076,1909f56bfc062723c751e8b465ee728b)
Start importing Assets/RockyWorld/Collectible/heart01.png using Guid(9bda7e894091f14409ee8c6094b101e9) Importer(815301076,1909f56bfc062723c751e8b465ee728b)  -> (artifact id: 'cabb677060b4d42fcd11a4a0929fe7b5') in 0.036563 seconds
  Import took 0.042012 seconds .

========================================================================
Received Import Request.
  Time since last request: 0.000332 seconds.
  path: Assets/RockyWorld/Collectible/dagger04.png
  artifactKey: Guid(7be49e7a5ed265d4cbf5ac49fe65fc9a) Importer(815301076,1909f56bfc062723c751e8b465ee728b)
Start importing Assets/RockyWorld/Collectible/dagger04.png using Guid(7be49e7a5ed265d4cbf5ac49fe65fc9a) Importer(815301076,1909f56bfc062723c751e8b465ee728b)  -> (artifact id: 'b6c6e603a412c33c0d92d50c90d3e5d8') in 0.028736 seconds
  Import took 0.034525 seconds .

========================================================================
Received Import Request.
  Time since last request: 0.000247 seconds.
  path: Assets/RockyWorld/Collectible/diamond_small03.png
  artifactKey: Guid(0e5605a66c968ea4282bbfca8f8781e3) Importer(815301076,1909f56bfc062723c751e8b465ee728b)
Start importing Assets/RockyWorld/Collectible/diamond_small03.png using Guid(0e5605a66c968ea4282bbfca8f8781e3) Importer(815301076,1909f56bfc062723c751e8b465ee728b)  -> (artifact id: '41cb6cc47bd150acfc503eaad0006b8f') in 0.023814 seconds
  Import took 0.029758 seconds .

========================================================================
Received Import Request.
  Time since last request: 0.000236 seconds.
  path: Assets/RockyWorld/Collectible/dagger04.png
  artifactKey: Guid(7be49e7a5ed265d4cbf5ac49fe65fc9a) Importer(815301076,1909f56bfc062723c751e8b465ee728b)
Start importing Assets/RockyWorld/Collectible/dagger04.png using Guid(7be49e7a5ed265d4cbf5ac49fe65fc9a) Importer(815301076,1909f56bfc062723c751e8b465ee728b)  -> (artifact id: 'b6c6e603a412c33c0d92d50c90d3e5d8') in 0.018646 seconds
  Import took 0.024498 seconds .

========================================================================
Received Import Request.
  Time since last request: 0.000236 seconds.
  path: Assets/RockyWorld/Collectible/diamond_small03.png
  artifactKey: Guid(0e5605a66c968ea4282bbfca8f8781e3) Importer(815301076,1909f56bfc062723c751e8b465ee728b)
Start importing Assets/RockyWorld/Collectible/diamond_small03.png using Guid(0e5605a66c968ea4282bbfca8f8781e3) Importer(815301076,1909f56bfc062723c751e8b465ee728b)  -> (artifact id: '41cb6cc47bd150acfc503eaad0006b8f') in 0.013044 seconds
  Import took 0.018579 seconds .

========================================================================
Received Import Request.
  Time since last request: 73.506304 seconds.
  path: Assets/RockyWorld/Effects/destr_effect01.png
  artifactKey: Guid(535dc328ac642a9478096387c271878a) Importer(815301076,1909f56bfc062723c751e8b465ee728b)
Start importing Assets/RockyWorld/Effects/destr_effect01.png using Guid(535dc328ac642a9478096387c271878a) Importer(815301076,1909f56bfc062723c751e8b465ee728b)  -> (artifact id: '6fa93efb5a67fef748ad8b54e8616218') in 0.016965 seconds
  Import took 0.022723 seconds .

========================================================================
Received Import Request.
  Time since last request: 0.000263 seconds.
  path: Assets/RockyWorld/Effects/hit_effect01.png
  artifactKey: Guid(885d42dfaabf28d408096b1bfa8f7bcf) Importer(815301076,1909f56bfc062723c751e8b465ee728b)
Start importing Assets/RockyWorld/Effects/hit_effect01.png using Guid(885d42dfaabf28d408096b1bfa8f7bcf) Importer(815301076,1909f56bfc062723c751e8b465ee728b)  -> (artifact id: 'b1914d71688ed739498819972ee2efbf') in 0.022148 seconds
  Import took 0.027762 seconds .

========================================================================
Received Import Request.
  Time since last request: 0.000240 seconds.
  path: Assets/RockyWorld/Effects/destr_effect_sheet.png
  artifactKey: Guid(e1a490be52b5ed244840d3c91d79e359) Importer(815301076,1909f56bfc062723c751e8b465ee728b)
Start importing Assets/RockyWorld/Effects/destr_effect_sheet.png using Guid(e1a490be52b5ed244840d3c91d79e359) Importer(815301076,1909f56bfc062723c751e8b465ee728b)  -> (artifact id: 'd38d3ff9a5bd762a70170c09a20d34e3') in 0.028859 seconds
  Import took 0.033538 seconds .

========================================================================
Received Import Request.
  Time since last request: 0.000277 seconds.
  path: Assets/RockyWorld/Effects/destr_effect02.png
  artifactKey: Guid(cd7ca8b1730c0214eac3c4ec8f0deb03) Importer(815301076,1909f56bfc062723c751e8b465ee728b)
Start importing Assets/RockyWorld/Effects/destr_effect02.png using Guid(cd7ca8b1730c0214eac3c4ec8f0deb03) Importer(815301076,1909f56bfc062723c751e8b465ee728b)  -> (artifact id: '227227ba58b4947a688393b167414413') in 0.026026 seconds
  Import took 0.029363 seconds .

========================================================================
Received Import Request.
  Time since last request: 0.000189 seconds.
  path: Assets/RockyWorld/Effects/destr_effect05.png
  artifactKey: Guid(1ef2e606aa0bdfe4a8d2d51b80b90595) Importer(815301076,1909f56bfc062723c751e8b465ee728b)
Start importing Assets/RockyWorld/Effects/destr_effect05.png using Guid(1ef2e606aa0bdfe4a8d2d51b80b90595) Importer(815301076,1909f56bfc062723c751e8b465ee728b)  -> (artifact id: 'c1b98e3fc84dde4ccdbc9a7ecd0a28fd') in 0.021253 seconds
  Import took 0.025749 seconds .

========================================================================
Received Import Request.
  Time since last request: 0.000198 seconds.
  path: Assets/RockyWorld/Effects/destr_effect03.png
  artifactKey: Guid(6fad8e159685352459e3fdccd642b330) Importer(815301076,1909f56bfc062723c751e8b465ee728b)
Start importing Assets/RockyWorld/Effects/destr_effect03.png using Guid(6fad8e159685352459e3fdccd642b330) Importer(815301076,1909f56bfc062723c751e8b465ee728b)  -> (artifact id: '050d5a8d4aa51f89d450a09c5f7ced1c') in 0.028762 seconds
  Import took 0.032653 seconds .

========================================================================
Received Import Request.
  Time since last request: 0.000232 seconds.
  path: Assets/RockyWorld/Effects/destr_effect04.png
  artifactKey: Guid(c4adbb1443dac0941bbc6524b26def99) Importer(815301076,1909f56bfc062723c751e8b465ee728b)
Start importing Assets/RockyWorld/Effects/destr_effect04.png using Guid(c4adbb1443dac0941bbc6524b26def99) Importer(815301076,1909f56bfc062723c751e8b465ee728b)  -> (artifact id: '0b47960d6e2748d8bd0c4332de26ff55') in 0.018341 seconds
  Import took 0.022856 seconds .

========================================================================
Received Import Request.
  Time since last request: 0.000235 seconds.
  path: Assets/RockyWorld/Effects/hit_effect_sheet.png
  artifactKey: Guid(46e73bd962d36ad4a81c56ff31548ee2) Importer(815301076,1909f56bfc062723c751e8b465ee728b)
Start importing Assets/RockyWorld/Effects/hit_effect_sheet.png using Guid(46e73bd962d36ad4a81c56ff31548ee2) Importer(815301076,1909f56bfc062723c751e8b465ee728b)  -> (artifact id: 'a769ff3b81d1a0238d93ac8e4a4e7095') in 0.022749 seconds
  Import took 0.026997 seconds .

========================================================================
Received Import Request.
  Time since last request: 0.000202 seconds.
  path: Assets/RockyWorld/Effects/hit_effect05.png
  artifactKey: Guid(c03880eeab9eb8047ab9000daa70f3d7) Importer(815301076,1909f56bfc062723c751e8b465ee728b)
Start importing Assets/RockyWorld/Effects/hit_effect05.png using Guid(c03880eeab9eb8047ab9000daa70f3d7) Importer(815301076,1909f56bfc062723c751e8b465ee728b)  -> (artifact id: 'a825a0cc769a1d3246bcdb7894b37994') in 0.022777 seconds
  Import took 0.026311 seconds .

========================================================================
Received Import Request.
  Time since last request: 0.000267 seconds.
  path: Assets/RockyWorld/Effects/hit_effect02.png
  artifactKey: Guid(4470f348ad920724a804fa80f39d8ac2) Importer(815301076,1909f56bfc062723c751e8b465ee728b)
Start importing Assets/RockyWorld/Effects/hit_effect02.png using Guid(4470f348ad920724a804fa80f39d8ac2) Importer(815301076,1909f56bfc062723c751e8b465ee728b)  -> (artifact id: '6988ed92def986c82284655716f38b15') in 0.022340 seconds
  Import took 0.025809 seconds .

========================================================================
Received Import Request.
  Time since last request: 0.000262 seconds.
  path: Assets/RockyWorld/Effects/hit_effect03.png
  artifactKey: Guid(06888064696bf2e4d84c8b48c928e346) Importer(815301076,1909f56bfc062723c751e8b465ee728b)
Start importing Assets/RockyWorld/Effects/hit_effect03.png using Guid(06888064696bf2e4d84c8b48c928e346) Importer(815301076,1909f56bfc062723c751e8b465ee728b)  -> (artifact id: '5ab546afb2743b9b75e21636d7c401b3') in 0.022174 seconds
  Import took 0.027885 seconds .

========================================================================
Received Import Request.
  Time since last request: 0.000367 seconds.
  path: Assets/RockyWorld/Effects/hit_effect04.png
  artifactKey: Guid(355ec6c517c5d9a4db38f9c8ae664426) Importer(815301076,1909f56bfc062723c751e8b465ee728b)
Start importing Assets/RockyWorld/Effects/hit_effect04.png using Guid(355ec6c517c5d9a4db38f9c8ae664426) Importer(815301076,1909f56bfc062723c751e8b465ee728b)  -> (artifact id: '55ab69362f3501f3c6bc9736f23452af') in 0.019304 seconds
  Import took 0.025111 seconds .

========================================================================
Received Import Request.
  Time since last request: 0.000571 seconds.
  path: Assets/RockyWorld/Effects/hit_effect03.png
  artifactKey: Guid(06888064696bf2e4d84c8b48c928e346) Importer(815301076,1909f56bfc062723c751e8b465ee728b)
Start importing Assets/RockyWorld/Effects/hit_effect03.png using Guid(06888064696bf2e4d84c8b48c928e346) Importer(815301076,1909f56bfc062723c751e8b465ee728b)  -> (artifact id: '5ab546afb2743b9b75e21636d7c401b3') in 0.012507 seconds
  Import took 0.019511 seconds .

========================================================================
Received Import Request.
  Time since last request: 0.000212 seconds.
  path: Assets/RockyWorld/Effects/hit_effect04.png
  artifactKey: Guid(355ec6c517c5d9a4db38f9c8ae664426) Importer(815301076,1909f56bfc062723c751e8b465ee728b)
Start importing Assets/RockyWorld/Effects/hit_effect04.png using Guid(355ec6c517c5d9a4db38f9c8ae664426) Importer(815301076,1909f56bfc062723c751e8b465ee728b)  -> (artifact id: '55ab69362f3501f3c6bc9736f23452af') in 0.015315 seconds
  Import took 0.019614 seconds .

========================================================================
Received Import Request.
  Time since last request: 3.717342 seconds.
  path: Assets/RockyWorld/Scene/Demo.unity
  artifactKey: Guid(b06206c075ca7d14ab09f1576ae78705) Importer(815301076,1909f56bfc062723c751e8b465ee728b)
Start importing Assets/RockyWorld/Scene/Demo.unity using Guid(b06206c075ca7d14ab09f1576ae78705) Importer(815301076,1909f56bfc062723c751e8b465ee728b)  -> (artifact id: '052057dd91c8839ed2a016d6584f04fc') in 0.012013 seconds
  Import took 0.020041 seconds .

========================================================================
Received Import Request.
  Time since last request: 0.000778 seconds.
  path: Assets/RockyWorld/Scene/Demo.unity
  artifactKey: Guid(b06206c075ca7d14ab09f1576ae78705) Importer(815301076,1909f56bfc062723c751e8b465ee728b)
Start importing Assets/RockyWorld/Scene/Demo.unity using Guid(b06206c075ca7d14ab09f1576ae78705) Importer(815301076,1909f56bfc062723c751e8b465ee728b)  -> (artifact id: '052057dd91c8839ed2a016d6584f04fc') in 0.003266 seconds
  Import took 0.007501 seconds .

========================================================================
Received Prepare
Registering precompiled user dll's ...
Registered in 0.001909 seconds.
Begin MonoManager ReloadAssembly
Native extension for WindowsStandalone target not found
Refreshing native plugins compatible for Editor in 11.59 ms, found 1 plugins.
Preloading 0 native plugins for Editor in 0.00 ms.
Mono: successfully reloaded assembly
- Completed reload, in  1.452 seconds
Platform modules already initialized, skipping
Refreshing native plugins compatible for Editor in 0.93 ms, found 1 plugins.
Preloading 0 native plugins for Editor in 0.00 ms.
Unloading 1803 Unused Serialized files (Serialized files now loaded: 0)
System memory in use before: 88.0 MB.
System memory in use after: 88.0 MB.

Unloading 12 unused Assets to reduce memory usage. Loaded Objects now: 2278.
Total: 2.643900 ms (FindLiveObjects: 0.196300 ms CreateObjectMapping: 0.074100 ms MarkObjects: 2.247800 ms  DeleteObjects: 0.123900 ms)

AssetImportWorkerClient::OnTransportError - code=2 error=End of file
